2018-09-19 09:07:32.414  INFO home-PC --- [           main] c.d.c.App                                : Starting App on home-PC with PID 4632 (C:\Users\shashi\Desktop\UserApp\UserApp\target\classes started by shashi in C:\Users\shashi\Desktop\UserApp\UserApp)
2018-09-19 09:07:32.443  INFO home-PC --- [           main] c.d.c.App                                : No active profile set, falling back to default profiles: default
2018-09-19 09:07:32.532  INFO home-PC --- [           main] ConfigServletWebServerApplicationContext : Refreshing org.springframework.boot.web.servlet.context.AnnotationConfigServletWebServerApplicationContext@4c51bb7: startup date [Wed Sep 19 09:07:32 IST 2018]; root of context hierarchy
2018-09-19 09:07:35.475  INFO home-PC --- [           main] o.s.b.w.e.t.TomcatWebServer              : Tomcat initialized with port(s): 8080 (http)
2018-09-19 09:07:35.593  INFO home-PC --- [           main] o.a.c.h.Http11NioProtocol                : Initializing ProtocolHandler ["http-nio-8080"]
2018-09-19 09:07:35.607  INFO home-PC --- [           main] o.a.c.c.StandardService                  : Starting service [Tomcat]
2018-09-19 09:07:35.608  INFO home-PC --- [           main] o.a.c.c.StandardEngine                   : Starting Servlet Engine: Apache Tomcat/8.5.31
2018-09-19 09:07:35.616  INFO home-PC --- [ost-startStop-1] o.a.c.c.AprLifecycleListener             : The APR based Apache Tomcat Native library which allows optimal performance in production environments was not found on the java.library.path: [C:\Program Files\Java\jre-10\bin;C:\Windows\Sun\Java\bin;C:\Windows\system32;C:\Windows;C:\ProgramData\Oracle\Java\javapath;C:\Windows\system32;C:\Windows;C:\Windows\System32\Wbem;C:\Windows\System32\WindowsPowerShell\v1.0\;C:\Program Files\Git\cmd;C:\Program Files\Java\jdk-10\bin;C:\Program Files\Java\jdk-10\bin;C:\Program Files\Java\jdk-10\bin;.]
2018-09-19 09:07:35.757  INFO home-PC --- [ost-startStop-1] o.a.c.c.C.[.[.[/]                        : Initializing Spring embedded WebApplicationContext
2018-09-19 09:07:35.758  INFO home-PC --- [ost-startStop-1] o.s.w.c.ContextLoader                    : Root WebApplicationContext: initialization completed in 3232 ms
2018-09-19 09:07:35.920  INFO home-PC --- [ost-startStop-1] o.s.b.w.s.ServletRegistrationBean        : Servlet dispatcherServlet mapped to [/]
2018-09-19 09:07:35.935  INFO home-PC --- [ost-startStop-1] o.s.b.w.s.FilterRegistrationBean         : Mapping filter: 'characterEncodingFilter' to: [/*]
2018-09-19 09:07:35.936  INFO home-PC --- [ost-startStop-1] o.s.b.w.s.FilterRegistrationBean         : Mapping filter: 'hiddenHttpMethodFilter' to: [/*]
2018-09-19 09:07:35.936  INFO home-PC --- [ost-startStop-1] o.s.b.w.s.FilterRegistrationBean         : Mapping filter: 'httpPutFormContentFilter' to: [/*]
2018-09-19 09:07:35.936  INFO home-PC --- [ost-startStop-1] o.s.b.w.s.FilterRegistrationBean         : Mapping filter: 'requestContextFilter' to: [/*]
2018-09-19 09:07:36.466  INFO home-PC --- [           main] o.s.w.s.h.SimpleUrlHandlerMapping        : Mapped URL path [/**/favicon.ico] onto handler of type [class org.springframework.web.servlet.resource.ResourceHttpRequestHandler]
2018-09-19 09:07:36.900  INFO home-PC --- [           main] s.w.s.m.m.a.RequestMappingHandlerAdapter : Looking for @ControllerAdvice: org.springframework.boot.web.servlet.context.AnnotationConfigServletWebServerApplicationContext@4c51bb7: startup date [Wed Sep 19 09:07:32 IST 2018]; root of context hierarchy
2018-09-19 09:07:36.981  INFO home-PC --- [           main] s.w.s.m.m.a.RequestMappingHandlerMapping : Mapped "{[/UserApp/filter]}" onto public org.json.simple.JSONObject com.dm_02_tbdapp.controller.UserAppController.filter(int,int,java.lang.String)
2018-09-19 09:07:36.982  INFO home-PC --- [           main] s.w.s.m.m.a.RequestMappingHandlerMapping : Mapped "{[/UserApp/Test],methods=[POST]}" onto public java.lang.String com.dm_02_tbdapp.controller.UserAppController.test(org.json.simple.JSONObject)
2018-09-19 09:07:36.983  INFO home-PC --- [           main] s.w.s.m.m.a.RequestMappingHandlerMapping : Mapped "{[/UserApp/catalog],methods=[GET]}" onto public org.json.simple.JSONObject com.dm_02_tbdapp.controller.UserAppController.catalog()
2018-09-19 09:07:36.984  INFO home-PC --- [           main] s.w.s.m.m.a.RequestMappingHandlerMapping : Mapped "{[/UserApp/insertImage],methods=[GET]}" onto public java.lang.String com.dm_02_tbdapp.controller.UserAppController.image(java.lang.String)
2018-09-19 09:07:36.984  INFO home-PC --- [           main] s.w.s.m.m.a.RequestMappingHandlerMapping : Mapped "{[/UserApp/user],methods=[GET],produces=[application/json || application/xml]}" onto public com.dm_02_tbdapp.bean.UserProfile com.dm_02_tbdapp.controller.UserAppController.setUserProfile(java.lang.String)
2018-09-19 09:07:36.985  INFO home-PC --- [           main] s.w.s.m.m.a.RequestMappingHandlerMapping : Mapped "{[/UserApp/login],methods=[POST]}" onto public org.json.simple.JSONObject com.dm_02_tbdapp.controller.UserAppController.loginUser(org.json.simple.JSONObject)
2018-09-19 09:07:36.985  INFO home-PC --- [           main] s.w.s.m.m.a.RequestMappingHandlerMapping : Mapped "{[/UserApp/RegisterUser],methods=[POST]}" onto public org.json.simple.JSONObject com.dm_02_tbdapp.controller.UserAppController.newUser(org.json.simple.JSONObject)
2018-09-19 09:07:36.986  INFO home-PC --- [           main] s.w.s.m.m.a.RequestMappingHandlerMapping : Mapped "{[/UserApp/logout],methods=[GET]}" onto public org.json.simple.JSONObject com.dm_02_tbdapp.controller.UserAppController.logoutUser()
2018-09-19 09:07:36.986  INFO home-PC --- [           main] s.w.s.m.m.a.RequestMappingHandlerMapping : Mapped "{[/UserApp/registerUser],methods=[GET]}" onto public org.json.simple.JSONObject com.dm_02_tbdapp.controller.UserAppController.registerUser(com.dm_02_tbdapp.bean.User)
2018-09-19 09:07:36.986  INFO home-PC --- [           main] s.w.s.m.m.a.RequestMappingHandlerMapping : Mapped "{[/UserApp/updateUser],methods=[GET]}" onto public org.json.simple.JSONObject com.dm_02_tbdapp.controller.UserAppController.updateUser(com.dm_02_tbdapp.bean.User)
2018-09-19 09:07:36.987  INFO home-PC --- [           main] s.w.s.m.m.a.RequestMappingHandlerMapping : Mapped "{[/UserApp/updateUserAddress],methods=[GET]}" onto public org.json.simple.JSONObject com.dm_02_tbdapp.controller.UserAppController.updateAddress(com.dm_02_tbdapp.bean.User)
2018-09-19 09:07:36.987  INFO home-PC --- [           main] s.w.s.m.m.a.RequestMappingHandlerMapping : Mapped "{[/UserApp/addAddress],methods=[GET]}" onto public org.json.simple.JSONObject com.dm_02_tbdapp.controller.UserAppController.addAddress(com.dm_02_tbdapp.bean.User)
2018-09-19 09:07:36.987  INFO home-PC --- [           main] s.w.s.m.m.a.RequestMappingHandlerMapping : Mapped "{[/UserApp/removeAddress],methods=[GET]}" onto public org.json.simple.JSONObject com.dm_02_tbdapp.controller.UserAppController.removeAddress(com.dm_02_tbdapp.bean.User)
2018-09-19 09:07:36.988  INFO home-PC --- [           main] s.w.s.m.m.a.RequestMappingHandlerMapping : Mapped "{[/UserApp/product],methods=[GET]}" onto public org.json.simple.JSONObject com.dm_02_tbdapp.controller.UserAppController.product()
2018-09-19 09:07:36.988  INFO home-PC --- [           main] s.w.s.m.m.a.RequestMappingHandlerMapping : Mapped "{[/UserApp/showImage],methods=[GET],produces=[image/jpeg]}" onto public byte[] com.dm_02_tbdapp.controller.UserAppController.displayImg(int) throws java.io.IOException
2018-09-19 09:07:36.988  INFO home-PC --- [           main] s.w.s.m.m.a.RequestMappingHandlerMapping : Mapped "{[/UserApp/showImageNew]}" onto public void com.dm_02_tbdapp.controller.UserAppController.photo(javax.servlet.http.HttpServletResponse,int) throws java.io.IOException
2018-09-19 09:07:36.989  INFO home-PC --- [           main] s.w.s.m.m.a.RequestMappingHandlerMapping : Mapped "{[/UserApp/insertIntoProduct_Table],methods=[POST]}" onto public org.json.simple.JSONObject com.dm_02_tbdapp.controller.UserAppController.insertIntoProduct_Table(org.json.simple.JSONObject)
2018-09-19 09:07:36.994  INFO home-PC --- [           main] s.w.s.m.m.a.RequestMappingHandlerMapping : Mapped "{[/error]}" onto public org.springframework.http.ResponseEntity<java.util.Map<java.lang.String, java.lang.Object>> org.springframework.boot.autoconfigure.web.servlet.error.BasicErrorController.error(javax.servlet.http.HttpServletRequest)
2018-09-19 09:07:36.994  INFO home-PC --- [           main] s.w.s.m.m.a.RequestMappingHandlerMapping : Mapped "{[/error],produces=[text/html]}" onto public org.springframework.web.servlet.ModelAndView org.springframework.boot.autoconfigure.web.servlet.error.BasicErrorController.errorHtml(javax.servlet.http.HttpServletRequest,javax.servlet.http.HttpServletResponse)
2018-09-19 09:07:37.040  INFO home-PC --- [           main] o.s.w.s.h.SimpleUrlHandlerMapping        : Mapped URL path [/webjars/**] onto handler of type [class org.springframework.web.servlet.resource.ResourceHttpRequestHandler]
2018-09-19 09:07:37.040  INFO home-PC --- [           main] o.s.w.s.h.SimpleUrlHandlerMapping        : Mapped URL path [/**] onto handler of type [class org.springframework.web.servlet.resource.ResourceHttpRequestHandler]
2018-09-19 09:07:37.446  INFO home-PC --- [           main] o.s.j.e.a.AnnotationMBeanExporter        : Registering beans for JMX exposure on startup
2018-09-19 09:07:37.449  INFO home-PC --- [           main] o.s.j.e.a.AnnotationMBeanExporter        : Bean with name 'dataSource' has been autodetected for JMX exposure
2018-09-19 09:07:37.456  INFO home-PC --- [           main] o.s.j.e.a.AnnotationMBeanExporter        : Located MBean 'dataSource': registering with JMX server as MBean [com.zaxxer.hikari:name=dataSource,type=HikariDataSource]
2018-09-19 09:07:37.473  INFO home-PC --- [           main] o.a.c.h.Http11NioProtocol                : Starting ProtocolHandler ["http-nio-8080"]
2018-09-19 09:07:37.505  INFO home-PC --- [           main] o.a.t.u.n.NioSelectorPool                : Using a shared selector for servlet write/read
2018-09-19 09:07:37.524  INFO home-PC --- [           main] o.s.b.w.e.t.TomcatWebServer              : Tomcat started on port(s): 8080 (http) with context path ''
2018-09-19 09:07:37.532  INFO home-PC --- [           main] c.d.c.App                                : Started App in 6.381 seconds (JVM running for 8.311)
2018-09-19 09:09:03.090  INFO home-PC --- [nio-8080-exec-1] o.a.c.c.C.[.[.[/]                        : Initializing Spring FrameworkServlet 'dispatcherServlet'
2018-09-19 09:09:03.090  INFO home-PC --- [nio-8080-exec-1] o.s.w.s.DispatcherServlet                : FrameworkServlet 'dispatcherServlet': initialization started
2018-09-19 09:09:03.115  INFO home-PC --- [nio-8080-exec-1] o.s.w.s.DispatcherServlet                : FrameworkServlet 'dispatcherServlet': initialization completed in 25 ms
2018-09-19 09:10:24.469  WARN home-PC --- [nio-8080-exec-5] o.s.w.s.PageNotFound                     : Request method 'GET' not supported
2018-09-19 09:11:05.634  INFO home-PC --- [nio-8080-exec-6] c.d.c.UserManager                        : JSON Object is created.In class UserManager.java 
2018-09-19 09:11:05.634  INFO home-PC --- [nio-8080-exec-6] c.d.c.UserManager                        : it is about to return the json object.
2018-09-19 09:12:00.504  INFO home-PC --- [nio-8080-exec-7] c.z.h.HikariDataSource                   : HikariPool-1 - Starting...
2018-09-19 09:12:01.014  INFO home-PC --- [nio-8080-exec-7] c.z.h.HikariDataSource                   : HikariPool-1 - Start completed.
2018-09-19 09:17:41.968  INFO home-PC --- [nio-8080-exec-1] c.d.d.ImageDAO                           : entered into showImage() of class ImageDAO.
2018-09-19 09:17:42.302  INFO home-PC --- [nio-8080-exec-1] c.d.c.UserAppController                  : getClass() mehtod : jeans.jpeg
2018-09-19 09:17:42.302  INFO home-PC --- [nio-8080-exec-1] c.d.c.UserAppController                  : InputStream object is : java.io.FileInputStream@6b00ccd3
2018-09-19 09:17:47.163  INFO home-PC --- [nio-8080-exec-4] c.d.d.ImageDAO                           : entered into showImage() of class ImageDAO.
2018-09-19 09:17:47.288  INFO home-PC --- [nio-8080-exec-4] c.d.c.UserAppController                  : getClass() mehtod : shirt.png
2018-09-19 09:17:47.288  INFO home-PC --- [nio-8080-exec-4] c.d.c.UserAppController                  : InputStream object is : java.io.FileInputStream@64f9646a
2018-09-19 09:17:48.990  INFO home-PC --- [nio-8080-exec-5] c.d.d.ImageDAO                           : entered into showImage() of class ImageDAO.
2018-09-19 09:17:49.002 ERROR home-PC --- [nio-8080-exec-5] o.a.c.c.C.[.[.[.[dispatcherServlet]      : Servlet.service() for servlet [dispatcherServlet] in context with path [] threw exception [Request processing failed; nested exception is java.lang.IndexOutOfBoundsException: Index 0 out-of-bounds for length 0] with root cause
java.lang.IndexOutOfBoundsException: Index 0 out-of-bounds for length 0
	at java.base/jdk.internal.util.Preconditions.outOfBounds(Unknown Source)
	at java.base/jdk.internal.util.Preconditions.outOfBoundsCheckIndex(Unknown Source)
	at java.base/jdk.internal.util.Preconditions.checkIndex(Unknown Source)
	at java.base/java.util.Objects.checkIndex(Unknown Source)
	at java.base/java.util.ArrayList.get(Unknown Source)
	at com.dm_02_tbdapp.dao.ImageDAO.showImage(ImageDAO.java:43)
	at com.dm_02_tbdapp.dao.ImageDAO$$FastClassBySpringCGLIB$$72163e22.invoke(<generated>)
	at org.springframework.cglib.proxy.MethodProxy.invoke(MethodProxy.java:204)
	at org.springframework.aop.framework.CglibAopProxy$CglibMethodInvocation.invokeJoinpoint(CglibAopProxy.java:746)
	at org.springframework.aop.framework.ReflectiveMethodInvocation.proceed(ReflectiveMethodInvocation.java:163)
	at org.springframework.dao.support.PersistenceExceptionTranslationInterceptor.invoke(PersistenceExceptionTranslationInterceptor.java:139)
	at org.springframework.aop.framework.ReflectiveMethodInvocation.proceed(ReflectiveMethodInvocation.java:185)
	at org.springframework.aop.framework.CglibAopProxy$DynamicAdvisedInterceptor.intercept(CglibAopProxy.java:688)
	at com.dm_02_tbdapp.dao.ImageDAO$$EnhancerBySpringCGLIB$$e603b0b9.showImage(<generated>)
	at com.dm_02_tbdapp.controller.CatalogManager.displayImage(CatalogManager.java:44)
	at com.dm_02_tbdapp.controller.UserAppController.photo(UserAppController.java:258)
	at java.base/jdk.internal.reflect.NativeMethodAccessorImpl.invoke0(Native Method)
	at java.base/jdk.internal.reflect.NativeMethodAccessorImpl.invoke(Unknown Source)
	at java.base/jdk.internal.reflect.DelegatingMethodAccessorImpl.invoke(Unknown Source)
	at java.base/java.lang.reflect.Method.invoke(Unknown Source)
	at org.springframework.web.method.support.InvocableHandlerMethod.doInvoke(InvocableHandlerMethod.java:209)
	at org.springframework.web.method.support.InvocableHandlerMethod.invokeForRequest(InvocableHandlerMethod.java:136)
	at org.springframework.web.servlet.mvc.method.annotation.ServletInvocableHandlerMethod.invokeAndHandle(ServletInvocableHandlerMethod.java:102)
	at org.springframework.web.servlet.mvc.method.annotation.RequestMappingHandlerAdapter.invokeHandlerMethod(RequestMappingHandlerAdapter.java:877)
	at org.springframework.web.servlet.mvc.method.annotation.RequestMappingHandlerAdapter.handleInternal(RequestMappingHandlerAdapter.java:783)
	at org.springframework.web.servlet.mvc.method.AbstractHandlerMethodAdapter.handle(AbstractHandlerMethodAdapter.java:87)
	at org.springframework.web.servlet.DispatcherServlet.doDispatch(DispatcherServlet.java:991)
	at org.springframework.web.servlet.DispatcherServlet.doService(DispatcherServlet.java:925)
	at org.springframework.web.servlet.FrameworkServlet.processRequest(FrameworkServlet.java:974)
	at org.springframework.web.servlet.FrameworkServlet.doGet(FrameworkServlet.java:866)
	at javax.servlet.http.HttpServlet.service(HttpServlet.java:635)
	at org.springframework.web.servlet.FrameworkServlet.service(FrameworkServlet.java:851)
	at javax.servlet.http.HttpServlet.service(HttpServlet.java:742)
	at org.apache.catalina.core.ApplicationFilterChain.internalDoFilter(ApplicationFilterChain.java:231)
	at org.apache.catalina.core.ApplicationFilterChain.doFilter(ApplicationFilterChain.java:166)
	at org.apache.tomcat.websocket.server.WsFilter.doFilter(WsFilter.java:52)
	at org.apache.catalina.core.ApplicationFilterChain.internalDoFilter(ApplicationFilterChain.java:193)
	at org.apache.catalina.core.ApplicationFilterChain.doFilter(ApplicationFilterChain.java:166)
	at org.springframework.web.filter.RequestContextFilter.doFilterInternal(RequestContextFilter.java:99)
	at org.springframework.web.filter.OncePerRequestFilter.doFilter(OncePerRequestFilter.java:107)
	at org.apache.catalina.core.ApplicationFilterChain.internalDoFilter(ApplicationFilterChain.java:193)
	at org.apache.catalina.core.ApplicationFilterChain.doFilter(ApplicationFilterChain.java:166)
	at org.springframework.web.filter.HttpPutFormContentFilter.doFilterInternal(HttpPutFormContentFilter.java:109)
	at org.springframework.web.filter.OncePerRequestFilter.doFilter(OncePerRequestFilter.java:107)
	at org.apache.catalina.core.ApplicationFilterChain.internalDoFilter(ApplicationFilterChain.java:193)
	at org.apache.catalina.core.ApplicationFilterChain.doFilter(ApplicationFilterChain.java:166)
	at org.springframework.web.filter.HiddenHttpMethodFilter.doFilterInternal(HiddenHttpMethodFilter.java:93)
	at org.springframework.web.filter.OncePerRequestFilter.doFilter(OncePerRequestFilter.java:107)
	at org.apache.catalina.core.ApplicationFilterChain.internalDoFilter(ApplicationFilterChain.java:193)
	at org.apache.catalina.core.ApplicationFilterChain.doFilter(ApplicationFilterChain.java:166)
	at org.springframework.web.filter.CharacterEncodingFilter.doFilterInternal(CharacterEncodingFilter.java:200)
	at org.springframework.web.filter.OncePerRequestFilter.doFilter(OncePerRequestFilter.java:107)
	at org.apache.catalina.core.ApplicationFilterChain.internalDoFilter(ApplicationFilterChain.java:193)
	at org.apache.catalina.core.ApplicationFilterChain.doFilter(ApplicationFilterChain.java:166)
	at org.apache.catalina.core.StandardWrapperValve.invoke(StandardWrapperValve.java:198)
	at org.apache.catalina.core.StandardContextValve.invoke(StandardContextValve.java:96)
	at org.apache.catalina.authenticator.AuthenticatorBase.invoke(AuthenticatorBase.java:496)
	at org.apache.catalina.core.StandardHostValve.invoke(StandardHostValve.java:140)
	at org.apache.catalina.valves.ErrorReportValve.invoke(ErrorReportValve.java:81)
	at org.apache.catalina.core.StandardEngineValve.invoke(StandardEngineValve.java:87)
	at org.apache.catalina.connector.CoyoteAdapter.service(CoyoteAdapter.java:342)
	at org.apache.coyote.http11.Http11Processor.service(Http11Processor.java:803)
	at org.apache.coyote.AbstractProcessorLight.process(AbstractProcessorLight.java:66)
	at org.apache.coyote.AbstractProtocol$ConnectionHandler.process(AbstractProtocol.java:790)
	at org.apache.tomcat.util.net.NioEndpoint$SocketProcessor.doRun(NioEndpoint.java:1468)
	at org.apache.tomcat.util.net.SocketProcessorBase.run(SocketProcessorBase.java:49)
	at java.base/java.util.concurrent.ThreadPoolExecutor.runWorker(Unknown Source)
	at java.base/java.util.concurrent.ThreadPoolExecutor$Worker.run(Unknown Source)
	at org.apache.tomcat.util.threads.TaskThread$WrappingRunnable.run(TaskThread.java:61)
	at java.base/java.lang.Thread.run(Unknown Source)
2018-09-19 09:17:52.813  INFO home-PC --- [nio-8080-exec-7] c.d.d.ImageDAO                           : entered into showImage() of class ImageDAO.
2018-09-19 09:17:52.931  INFO home-PC --- [nio-8080-exec-7] c.d.c.UserAppController                  : getClass() mehtod : T-shirt_for_men.jpg
2018-09-19 09:17:52.931  INFO home-PC --- [nio-8080-exec-7] c.d.c.UserAppController                  : InputStream object is : java.io.FileInputStream@7e573d23
2018-09-19 09:17:57.108  INFO home-PC --- [nio-8080-exec-8] c.d.d.ImageDAO                           : entered into showImage() of class ImageDAO.
2018-09-19 09:17:57.120  INFO home-PC --- [nio-8080-exec-8] c.d.c.UserAppController                  : getClass() mehtod : tops.jpeg
2018-09-19 09:17:57.120  INFO home-PC --- [nio-8080-exec-8] c.d.c.UserAppController                  : InputStream object is : java.io.FileInputStream@5775d44f
2018-09-19 09:18:00.260  INFO home-PC --- [io-8080-exec-10] c.d.d.ImageDAO                           : entered into showImage() of class ImageDAO.
2018-09-19 09:18:00.316  INFO home-PC --- [io-8080-exec-10] c.d.c.UserAppController                  : getClass() mehtod : sarees.jpeg
2018-09-19 09:18:00.316  INFO home-PC --- [io-8080-exec-10] c.d.c.UserAppController                  : InputStream object is : java.io.FileInputStream@6e16c59e
2018-09-19 09:18:04.187  INFO home-PC --- [nio-8080-exec-9] c.d.d.ImageDAO                           : entered into showImage() of class ImageDAO.
2018-09-19 09:18:04.198  INFO home-PC --- [nio-8080-exec-9] c.d.c.UserAppController                  : getClass() mehtod : jeans_for_women.jpeg
2018-09-19 09:18:04.198  INFO home-PC --- [nio-8080-exec-9] c.d.c.UserAppController                  : InputStream object is : java.io.FileInputStream@2ebbcbcc
2018-09-19 09:18:07.934  INFO home-PC --- [nio-8080-exec-2] c.d.d.ImageDAO                           : entered into showImage() of class ImageDAO.
2018-09-19 09:18:07.945  INFO home-PC --- [nio-8080-exec-2] c.d.c.UserAppController                  : getClass() mehtod : sweatshirt.jpeg
2018-09-19 09:18:07.946  INFO home-PC --- [nio-8080-exec-2] c.d.c.UserAppController                  : InputStream object is : java.io.FileInputStream@3597f66f
2018-09-19 09:18:12.296  INFO home-PC --- [nio-8080-exec-3] c.d.d.ImageDAO                           : entered into showImage() of class ImageDAO.
2018-09-19 09:18:12.310  INFO home-PC --- [nio-8080-exec-3] c.d.c.UserAppController                  : getClass() mehtod : kurtha_for_men.jpeg
2018-09-19 09:18:12.310  INFO home-PC --- [nio-8080-exec-3] c.d.c.UserAppController                  : InputStream object is : java.io.FileInputStream@1935a73a
2018-09-19 09:18:16.754  INFO home-PC --- [nio-8080-exec-1] c.d.d.ImageDAO                           : entered into showImage() of class ImageDAO.
2018-09-19 09:18:16.781  INFO home-PC --- [nio-8080-exec-1] c.d.c.UserAppController                  : getClass() mehtod : jacket_for_men.jpeg
2018-09-19 09:18:16.781  INFO home-PC --- [nio-8080-exec-1] c.d.c.UserAppController                  : InputStream object is : java.io.FileInputStream@c0d2786
2018-09-19 09:18:21.454  INFO home-PC --- [nio-8080-exec-4] c.d.d.ImageDAO                           : entered into showImage() of class ImageDAO.
2018-09-19 09:18:21.466  INFO home-PC --- [nio-8080-exec-4] c.d.c.UserAppController                  : getClass() mehtod : kurtha_for_kids.jpeg
2018-09-19 09:18:21.466  INFO home-PC --- [nio-8080-exec-4] c.d.c.UserAppController                  : InputStream object is : java.io.FileInputStream@6c877074
2018-09-19 09:18:28.517  INFO home-PC --- [nio-8080-exec-5] c.d.d.ImageDAO                           : entered into showImage() of class ImageDAO.
2018-09-19 09:18:28.577  INFO home-PC --- [nio-8080-exec-5] c.d.c.UserAppController                  : getClass() mehtod : T-shirt_for_kids.jpeg
2018-09-19 09:18:28.578  INFO home-PC --- [nio-8080-exec-5] c.d.c.UserAppController                  : InputStream object is : java.io.FileInputStream@23af2957
2018-09-19 09:18:33.335  INFO home-PC --- [nio-8080-exec-6] c.d.d.ImageDAO                           : entered into showImage() of class ImageDAO.
2018-09-19 09:18:33.395  INFO home-PC --- [nio-8080-exec-6] c.d.c.UserAppController                  : getClass() mehtod : jeans_for_kids.jpeg
2018-09-19 09:18:33.395  INFO home-PC --- [nio-8080-exec-6] c.d.c.UserAppController                  : InputStream object is : java.io.FileInputStream@68c55676
2018-09-19 09:18:41.221  INFO home-PC --- [nio-8080-exec-7] c.d.d.ImageDAO                           : entered into showImage() of class ImageDAO.
2018-09-19 09:18:41.232 ERROR home-PC --- [nio-8080-exec-7] o.a.c.c.C.[.[.[.[dispatcherServlet]      : Servlet.service() for servlet [dispatcherServlet] in context with path [] threw exception [Request processing failed; nested exception is java.lang.IndexOutOfBoundsException: Index 0 out-of-bounds for length 0] with root cause
java.lang.IndexOutOfBoundsException: Index 0 out-of-bounds for length 0
	at java.base/jdk.internal.util.Preconditions.outOfBounds(Unknown Source)
	at java.base/jdk.internal.util.Preconditions.outOfBoundsCheckIndex(Unknown Source)
	at java.base/jdk.internal.util.Preconditions.checkIndex(Unknown Source)
	at java.base/java.util.Objects.checkIndex(Unknown Source)
	at java.base/java.util.ArrayList.get(Unknown Source)
	at com.dm_02_tbdapp.dao.ImageDAO.showImage(ImageDAO.java:43)
	at com.dm_02_tbdapp.dao.ImageDAO$$FastClassBySpringCGLIB$$72163e22.invoke(<generated>)
	at org.springframework.cglib.proxy.MethodProxy.invoke(MethodProxy.java:204)
	at org.springframework.aop.framework.CglibAopProxy$CglibMethodInvocation.invokeJoinpoint(CglibAopProxy.java:746)
	at org.springframework.aop.framework.ReflectiveMethodInvocation.proceed(ReflectiveMethodInvocation.java:163)
	at org.springframework.dao.support.PersistenceExceptionTranslationInterceptor.invoke(PersistenceExceptionTranslationInterceptor.java:139)
	at org.springframework.aop.framework.ReflectiveMethodInvocation.proceed(ReflectiveMethodInvocation.java:185)
	at org.springframework.aop.framework.CglibAopProxy$DynamicAdvisedInterceptor.intercept(CglibAopProxy.java:688)
	at com.dm_02_tbdapp.dao.ImageDAO$$EnhancerBySpringCGLIB$$e603b0b9.showImage(<generated>)
	at com.dm_02_tbdapp.controller.CatalogManager.displayImage(CatalogManager.java:44)
	at com.dm_02_tbdapp.controller.UserAppController.photo(UserAppController.java:258)
	at java.base/jdk.internal.reflect.NativeMethodAccessorImpl.invoke0(Native Method)
	at java.base/jdk.internal.reflect.NativeMethodAccessorImpl.invoke(Unknown Source)
	at java.base/jdk.internal.reflect.DelegatingMethodAccessorImpl.invoke(Unknown Source)
	at java.base/java.lang.reflect.Method.invoke(Unknown Source)
	at org.springframework.web.method.support.InvocableHandlerMethod.doInvoke(InvocableHandlerMethod.java:209)
	at org.springframework.web.method.support.InvocableHandlerMethod.invokeForRequest(InvocableHandlerMethod.java:136)
	at org.springframework.web.servlet.mvc.method.annotation.ServletInvocableHandlerMethod.invokeAndHandle(ServletInvocableHandlerMethod.java:102)
	at org.springframework.web.servlet.mvc.method.annotation.RequestMappingHandlerAdapter.invokeHandlerMethod(RequestMappingHandlerAdapter.java:877)
	at org.springframework.web.servlet.mvc.method.annotation.RequestMappingHandlerAdapter.handleInternal(RequestMappingHandlerAdapter.java:783)
	at org.springframework.web.servlet.mvc.method.AbstractHandlerMethodAdapter.handle(AbstractHandlerMethodAdapter.java:87)
	at org.springframework.web.servlet.DispatcherServlet.doDispatch(DispatcherServlet.java:991)
	at org.springframework.web.servlet.DispatcherServlet.doService(DispatcherServlet.java:925)
	at org.springframework.web.servlet.FrameworkServlet.processRequest(FrameworkServlet.java:974)
	at org.springframework.web.servlet.FrameworkServlet.doGet(FrameworkServlet.java:866)
	at javax.servlet.http.HttpServlet.service(HttpServlet.java:635)
	at org.springframework.web.servlet.FrameworkServlet.service(FrameworkServlet.java:851)
	at javax.servlet.http.HttpServlet.service(HttpServlet.java:742)
	at org.apache.catalina.core.ApplicationFilterChain.internalDoFilter(ApplicationFilterChain.java:231)
	at org.apache.catalina.core.ApplicationFilterChain.doFilter(ApplicationFilterChain.java:166)
	at org.apache.tomcat.websocket.server.WsFilter.doFilter(WsFilter.java:52)
	at org.apache.catalina.core.ApplicationFilterChain.internalDoFilter(ApplicationFilterChain.java:193)
	at org.apache.catalina.core.ApplicationFilterChain.doFilter(ApplicationFilterChain.java:166)
	at org.springframework.web.filter.RequestContextFilter.doFilterInternal(RequestContextFilter.java:99)
	at org.springframework.web.filter.OncePerRequestFilter.doFilter(OncePerRequestFilter.java:107)
	at org.apache.catalina.core.ApplicationFilterChain.internalDoFilter(ApplicationFilterChain.java:193)
	at org.apache.catalina.core.ApplicationFilterChain.doFilter(ApplicationFilterChain.java:166)
	at org.springframework.web.filter.HttpPutFormContentFilter.doFilterInternal(HttpPutFormContentFilter.java:109)
	at org.springframework.web.filter.OncePerRequestFilter.doFilter(OncePerRequestFilter.java:107)
	at org.apache.catalina.core.ApplicationFilterChain.internalDoFilter(ApplicationFilterChain.java:193)
	at org.apache.catalina.core.ApplicationFilterChain.doFilter(ApplicationFilterChain.java:166)
	at org.springframework.web.filter.HiddenHttpMethodFilter.doFilterInternal(HiddenHttpMethodFilter.java:93)
	at org.springframework.web.filter.OncePerRequestFilter.doFilter(OncePerRequestFilter.java:107)
	at org.apache.catalina.core.ApplicationFilterChain.internalDoFilter(ApplicationFilterChain.java:193)
	at org.apache.catalina.core.ApplicationFilterChain.doFilter(ApplicationFilterChain.java:166)
	at org.springframework.web.filter.CharacterEncodingFilter.doFilterInternal(CharacterEncodingFilter.java:200)
	at org.springframework.web.filter.OncePerRequestFilter.doFilter(OncePerRequestFilter.java:107)
	at org.apache.catalina.core.ApplicationFilterChain.internalDoFilter(ApplicationFilterChain.java:193)
	at org.apache.catalina.core.ApplicationFilterChain.doFilter(ApplicationFilterChain.java:166)
	at org.apache.catalina.core.StandardWrapperValve.invoke(StandardWrapperValve.java:198)
	at org.apache.catalina.core.StandardContextValve.invoke(StandardContextValve.java:96)
	at org.apache.catalina.authenticator.AuthenticatorBase.invoke(AuthenticatorBase.java:496)
	at org.apache.catalina.core.StandardHostValve.invoke(StandardHostValve.java:140)
	at org.apache.catalina.valves.ErrorReportValve.invoke(ErrorReportValve.java:81)
	at org.apache.catalina.core.StandardEngineValve.invoke(StandardEngineValve.java:87)
	at org.apache.catalina.connector.CoyoteAdapter.service(CoyoteAdapter.java:342)
	at org.apache.coyote.http11.Http11Processor.service(Http11Processor.java:803)
	at org.apache.coyote.AbstractProcessorLight.process(AbstractProcessorLight.java:66)
	at org.apache.coyote.AbstractProtocol$ConnectionHandler.process(AbstractProtocol.java:790)
	at org.apache.tomcat.util.net.NioEndpoint$SocketProcessor.doRun(NioEndpoint.java:1468)
	at org.apache.tomcat.util.net.SocketProcessorBase.run(SocketProcessorBase.java:49)
	at java.base/java.util.concurrent.ThreadPoolExecutor.runWorker(Unknown Source)
	at java.base/java.util.concurrent.ThreadPoolExecutor$Worker.run(Unknown Source)
	at org.apache.tomcat.util.threads.TaskThread$WrappingRunnable.run(TaskThread.java:61)
	at java.base/java.lang.Thread.run(Unknown Source)
2018-09-19 09:22:33.218  INFO home-PC --- [io-8080-exec-10] c.d.c.UserAppController                  : entered into filter method in class UserAppController
2018-09-19 09:22:33.222  INFO home-PC --- [io-8080-exec-10] c.d.d.LogoutUserDAO                      : entered into sort() method of class FilterDAO 
2018-09-19 09:22:33.302  INFO home-PC --- [io-8080-exec-10] c.d.c.UserAppController                  : leaving filter method in class UserAppController
2018-09-19 09:24:33.203  INFO home-PC --- [nio-8080-exec-2] c.d.c.UserAppController                  : entered into filter method in class UserAppController
2018-09-19 09:24:33.203  INFO home-PC --- [nio-8080-exec-2] c.d.d.LogoutUserDAO                      : entered into sort() method of class FilterDAO 
2018-09-19 09:24:33.206  INFO home-PC --- [nio-8080-exec-2] c.d.c.UserAppController                  : leaving filter method in class UserAppController
2018-09-19 09:24:45.995  INFO home-PC --- [nio-8080-exec-1] c.d.c.UserAppController                  : entered into filter method in class UserAppController
2018-09-19 09:24:45.996  INFO home-PC --- [nio-8080-exec-1] c.d.d.LogoutUserDAO                      : entered into sort() method of class FilterDAO 
2018-09-19 09:24:45.998  INFO home-PC --- [nio-8080-exec-1] c.d.c.UserAppController                  : leaving filter method in class UserAppController
2018-09-19 09:44:36.263  INFO home-PC --- [on(2)-127.0.0.1] inMXBeanRegistrar$SpringApplicationAdmin : Application shutdown requested.
2018-09-19 09:44:36.264  INFO home-PC --- [on(2)-127.0.0.1] ConfigServletWebServerApplicationContext : Closing org.springframework.boot.web.servlet.context.AnnotationConfigServletWebServerApplicationContext@4c51bb7: startup date [Wed Sep 19 09:07:32 IST 2018]; root of context hierarchy
2018-09-19 09:44:36.268  INFO home-PC --- [on(2)-127.0.0.1] o.s.j.e.a.AnnotationMBeanExporter        : Unregistering JMX-exposed beans on shutdown
2018-09-19 09:44:36.269  INFO home-PC --- [on(2)-127.0.0.1] o.s.j.e.a.AnnotationMBeanExporter        : Unregistering JMX-exposed beans
2018-09-19 09:44:36.271  INFO home-PC --- [on(2)-127.0.0.1] c.z.h.HikariDataSource                   : HikariPool-1 - Shutdown initiated...
2018-09-19 09:44:36.297  INFO home-PC --- [on(2)-127.0.0.1] c.z.h.HikariDataSource                   : HikariPool-1 - Shutdown completed.
