2018-09-17 10:26:16.455  INFO home-PC --- [           main] c.d.c.App                                : Starting App on home-PC with PID 6044 (C:\Users\shashi\Desktop\UserApp\UserApp\target\classes started by shashi in C:\Users\shashi\Desktop\UserApp\UserApp)
2018-09-17 10:26:16.529  INFO home-PC --- [           main] c.d.c.App                                : No active profile set, falling back to default profiles: default
2018-09-17 10:26:16.668  INFO home-PC --- [           main] ConfigServletWebServerApplicationContext : Refreshing org.springframework.boot.web.servlet.context.AnnotationConfigServletWebServerApplicationContext@339bf286: startup date [Mon Sep 17 10:26:16 IST 2018]; root of context hierarchy
2018-09-17 10:26:19.696  INFO home-PC --- [           main] o.s.b.w.e.t.TomcatWebServer              : Tomcat initialized with port(s): 8080 (http)
2018-09-17 10:26:19.769  INFO home-PC --- [           main] o.a.c.h.Http11NioProtocol                : Initializing ProtocolHandler ["http-nio-8080"]
2018-09-17 10:26:19.792  INFO home-PC --- [           main] o.a.c.c.StandardService                  : Starting service [Tomcat]
2018-09-17 10:26:19.793  INFO home-PC --- [           main] o.a.c.c.StandardEngine                   : Starting Servlet Engine: Apache Tomcat/8.5.31
2018-09-17 10:26:19.802  INFO home-PC --- [ost-startStop-1] o.a.c.c.AprLifecycleListener             : The APR based Apache Tomcat Native library which allows optimal performance in production environments was not found on the java.library.path: [C:\Program Files\Java\jre-10\bin;C:\Windows\Sun\Java\bin;C:\Windows\system32;C:\Windows;C:\ProgramData\Oracle\Java\javapath;C:\Windows\system32;C:\Windows;C:\Windows\System32\Wbem;C:\Windows\System32\WindowsPowerShell\v1.0\;C:\Program Files\Git\cmd;C:\Program Files\Java\jdk-10\bin;C:\Program Files\Java\jdk-10\bin;C:\Program Files\Java\jdk-10\bin;.]
2018-09-17 10:26:19.987  INFO home-PC --- [ost-startStop-1] o.a.c.c.C.[.[.[/]                        : Initializing Spring embedded WebApplicationContext
2018-09-17 10:26:19.987  INFO home-PC --- [ost-startStop-1] o.s.w.c.ContextLoader                    : Root WebApplicationContext: initialization completed in 3326 ms
2018-09-17 10:26:20.176  INFO home-PC --- [ost-startStop-1] o.s.b.w.s.ServletRegistrationBean        : Servlet dispatcherServlet mapped to [/]
2018-09-17 10:26:20.185  INFO home-PC --- [ost-startStop-1] o.s.b.w.s.FilterRegistrationBean         : Mapping filter: 'characterEncodingFilter' to: [/*]
2018-09-17 10:26:20.186  INFO home-PC --- [ost-startStop-1] o.s.b.w.s.FilterRegistrationBean         : Mapping filter: 'hiddenHttpMethodFilter' to: [/*]
2018-09-17 10:26:20.186  INFO home-PC --- [ost-startStop-1] o.s.b.w.s.FilterRegistrationBean         : Mapping filter: 'httpPutFormContentFilter' to: [/*]
2018-09-17 10:26:20.187  INFO home-PC --- [ost-startStop-1] o.s.b.w.s.FilterRegistrationBean         : Mapping filter: 'requestContextFilter' to: [/*]
2018-09-17 10:26:20.789  INFO home-PC --- [           main] o.s.w.s.h.SimpleUrlHandlerMapping        : Mapped URL path [/**/favicon.ico] onto handler of type [class org.springframework.web.servlet.resource.ResourceHttpRequestHandler]
2018-09-17 10:26:21.220  INFO home-PC --- [           main] s.w.s.m.m.a.RequestMappingHandlerAdapter : Looking for @ControllerAdvice: org.springframework.boot.web.servlet.context.AnnotationConfigServletWebServerApplicationContext@339bf286: startup date [Mon Sep 17 10:26:16 IST 2018]; root of context hierarchy
2018-09-17 10:26:21.350  INFO home-PC --- [           main] s.w.s.m.m.a.RequestMappingHandlerMapping : Mapped "{[/UserApp/filter]}" onto public org.json.simple.JSONObject com.dm_02_tbdapp.controller.UserAppController.filter(int,int,java.lang.String)
2018-09-17 10:26:21.352  INFO home-PC --- [           main] s.w.s.m.m.a.RequestMappingHandlerMapping : Mapped "{[/UserApp/Test],methods=[POST]}" onto public java.lang.String com.dm_02_tbdapp.controller.UserAppController.test(org.json.simple.JSONObject)
2018-09-17 10:26:21.353  INFO home-PC --- [           main] s.w.s.m.m.a.RequestMappingHandlerMapping : Mapped "{[/UserApp/catalog],methods=[GET]}" onto public org.json.simple.JSONObject com.dm_02_tbdapp.controller.UserAppController.catalog()
2018-09-17 10:26:21.354  INFO home-PC --- [           main] s.w.s.m.m.a.RequestMappingHandlerMapping : Mapped "{[/UserApp/insertImage],methods=[GET]}" onto public java.lang.String com.dm_02_tbdapp.controller.UserAppController.image(java.lang.String)
2018-09-17 10:26:21.354  INFO home-PC --- [           main] s.w.s.m.m.a.RequestMappingHandlerMapping : Mapped "{[/UserApp/user],methods=[GET],produces=[application/json || application/xml]}" onto public com.dm_02_tbdapp.bean.UserProfile com.dm_02_tbdapp.controller.UserAppController.setUserProfile(java.lang.String)
2018-09-17 10:26:21.355  INFO home-PC --- [           main] s.w.s.m.m.a.RequestMappingHandlerMapping : Mapped "{[/UserApp/login],methods=[POST]}" onto public org.json.simple.JSONObject com.dm_02_tbdapp.controller.UserAppController.loginUser(org.json.simple.JSONObject)
2018-09-17 10:26:21.355  INFO home-PC --- [           main] s.w.s.m.m.a.RequestMappingHandlerMapping : Mapped "{[/UserApp/RegisterUser],methods=[POST]}" onto public org.json.simple.JSONObject com.dm_02_tbdapp.controller.UserAppController.newUser(org.json.simple.JSONObject)
2018-09-17 10:26:21.356  INFO home-PC --- [           main] s.w.s.m.m.a.RequestMappingHandlerMapping : Mapped "{[/UserApp/logout],methods=[GET]}" onto public org.json.simple.JSONObject com.dm_02_tbdapp.controller.UserAppController.logoutUser()
2018-09-17 10:26:21.356  INFO home-PC --- [           main] s.w.s.m.m.a.RequestMappingHandlerMapping : Mapped "{[/UserApp/registerUser],methods=[GET]}" onto public org.json.simple.JSONObject com.dm_02_tbdapp.controller.UserAppController.registerUser(com.dm_02_tbdapp.bean.User)
2018-09-17 10:26:21.356  INFO home-PC --- [           main] s.w.s.m.m.a.RequestMappingHandlerMapping : Mapped "{[/UserApp/updateUser],methods=[GET]}" onto public org.json.simple.JSONObject com.dm_02_tbdapp.controller.UserAppController.updateUser(com.dm_02_tbdapp.bean.User)
2018-09-17 10:26:21.357  INFO home-PC --- [           main] s.w.s.m.m.a.RequestMappingHandlerMapping : Mapped "{[/UserApp/updateUserAddress],methods=[GET]}" onto public org.json.simple.JSONObject com.dm_02_tbdapp.controller.UserAppController.updateAddress(com.dm_02_tbdapp.bean.User)
2018-09-17 10:26:21.357  INFO home-PC --- [           main] s.w.s.m.m.a.RequestMappingHandlerMapping : Mapped "{[/UserApp/addAddress],methods=[GET]}" onto public org.json.simple.JSONObject com.dm_02_tbdapp.controller.UserAppController.addAddress(com.dm_02_tbdapp.bean.User)
2018-09-17 10:26:21.358  INFO home-PC --- [           main] s.w.s.m.m.a.RequestMappingHandlerMapping : Mapped "{[/UserApp/removeAddress],methods=[GET]}" onto public org.json.simple.JSONObject com.dm_02_tbdapp.controller.UserAppController.removeAddress(com.dm_02_tbdapp.bean.User)
2018-09-17 10:26:21.359  INFO home-PC --- [           main] s.w.s.m.m.a.RequestMappingHandlerMapping : Mapped "{[/UserApp/product],methods=[GET]}" onto public org.json.simple.JSONObject com.dm_02_tbdapp.controller.UserAppController.product()
2018-09-17 10:26:21.359  INFO home-PC --- [           main] s.w.s.m.m.a.RequestMappingHandlerMapping : Mapped "{[/UserApp/showImage],methods=[GET],produces=[image/jpeg]}" onto public byte[] com.dm_02_tbdapp.controller.UserAppController.displayImg(int) throws java.io.IOException
2018-09-17 10:26:21.360  INFO home-PC --- [           main] s.w.s.m.m.a.RequestMappingHandlerMapping : Mapped "{[/UserApp/showImageNew]}" onto public void com.dm_02_tbdapp.controller.UserAppController.photo(javax.servlet.http.HttpServletResponse,int) throws java.io.IOException
2018-09-17 10:26:21.360  INFO home-PC --- [           main] s.w.s.m.m.a.RequestMappingHandlerMapping : Mapped "{[/UserApp/insertIntoProduct_Table],methods=[POST]}" onto public org.json.simple.JSONObject com.dm_02_tbdapp.controller.UserAppController.insertIntoProduct_Table(org.json.simple.JSONObject)
2018-09-17 10:26:21.367  INFO home-PC --- [           main] s.w.s.m.m.a.RequestMappingHandlerMapping : Mapped "{[/error]}" onto public org.springframework.http.ResponseEntity<java.util.Map<java.lang.String, java.lang.Object>> org.springframework.boot.autoconfigure.web.servlet.error.BasicErrorController.error(javax.servlet.http.HttpServletRequest)
2018-09-17 10:26:21.368  INFO home-PC --- [           main] s.w.s.m.m.a.RequestMappingHandlerMapping : Mapped "{[/error],produces=[text/html]}" onto public org.springframework.web.servlet.ModelAndView org.springframework.boot.autoconfigure.web.servlet.error.BasicErrorController.errorHtml(javax.servlet.http.HttpServletRequest,javax.servlet.http.HttpServletResponse)
2018-09-17 10:26:21.407  INFO home-PC --- [           main] o.s.w.s.h.SimpleUrlHandlerMapping        : Mapped URL path [/webjars/**] onto handler of type [class org.springframework.web.servlet.resource.ResourceHttpRequestHandler]
2018-09-17 10:26:21.408  INFO home-PC --- [           main] o.s.w.s.h.SimpleUrlHandlerMapping        : Mapped URL path [/**] onto handler of type [class org.springframework.web.servlet.resource.ResourceHttpRequestHandler]
2018-09-17 10:26:21.827  INFO home-PC --- [           main] o.s.j.e.a.AnnotationMBeanExporter        : Registering beans for JMX exposure on startup
2018-09-17 10:26:21.830  INFO home-PC --- [           main] o.s.j.e.a.AnnotationMBeanExporter        : Bean with name 'dataSource' has been autodetected for JMX exposure
2018-09-17 10:26:21.836  INFO home-PC --- [           main] o.s.j.e.a.AnnotationMBeanExporter        : Located MBean 'dataSource': registering with JMX server as MBean [com.zaxxer.hikari:name=dataSource,type=HikariDataSource]
2018-09-17 10:26:21.877  INFO home-PC --- [           main] o.a.c.h.Http11NioProtocol                : Starting ProtocolHandler ["http-nio-8080"]
2018-09-17 10:26:21.896  INFO home-PC --- [           main] o.a.t.u.n.NioSelectorPool                : Using a shared selector for servlet write/read
2018-09-17 10:26:21.943  INFO home-PC --- [           main] o.s.b.w.e.t.TomcatWebServer              : Tomcat started on port(s): 8080 (http) with context path ''
2018-09-17 10:26:21.958  INFO home-PC --- [           main] c.d.c.App                                : Started App in 6.298 seconds (JVM running for 8.813)
2018-09-17 11:07:01.553  INFO home-PC --- [nio-8080-exec-1] o.a.c.c.C.[.[.[/]                        : Initializing Spring FrameworkServlet 'dispatcherServlet'
2018-09-17 11:07:01.554  INFO home-PC --- [nio-8080-exec-1] o.s.w.s.DispatcherServlet                : FrameworkServlet 'dispatcherServlet': initialization started
2018-09-17 11:07:01.585  INFO home-PC --- [nio-8080-exec-1] o.s.w.s.DispatcherServlet                : FrameworkServlet 'dispatcherServlet': initialization completed in 31 ms
2018-09-17 11:07:01.656  INFO home-PC --- [nio-8080-exec-1] c.z.h.HikariDataSource                   : HikariPool-1 - Starting...
2018-09-17 11:07:02.272  INFO home-PC --- [nio-8080-exec-1] c.z.h.HikariDataSource                   : HikariPool-1 - Start completed.
2018-09-17 11:26:06.304  INFO home-PC --- [on(2)-127.0.0.1] inMXBeanRegistrar$SpringApplicationAdmin : Application shutdown requested.
2018-09-17 11:26:06.305  INFO home-PC --- [on(2)-127.0.0.1] ConfigServletWebServerApplicationContext : Closing org.springframework.boot.web.servlet.context.AnnotationConfigServletWebServerApplicationContext@339bf286: startup date [Mon Sep 17 10:26:16 IST 2018]; root of context hierarchy
2018-09-17 11:26:06.310  INFO home-PC --- [on(2)-127.0.0.1] o.s.j.e.a.AnnotationMBeanExporter        : Unregistering JMX-exposed beans on shutdown
2018-09-17 11:26:06.311  INFO home-PC --- [on(2)-127.0.0.1] o.s.j.e.a.AnnotationMBeanExporter        : Unregistering JMX-exposed beans
2018-09-17 11:26:06.312  INFO home-PC --- [on(2)-127.0.0.1] c.z.h.HikariDataSource                   : HikariPool-1 - Shutdown initiated...
2018-09-17 11:26:06.332  INFO home-PC --- [on(2)-127.0.0.1] c.z.h.HikariDataSource                   : HikariPool-1 - Shutdown completed.
2018-09-17 11:26:47.536  INFO home-PC --- [           main] c.d.c.App                                : Starting App on home-PC with PID 4880 (C:\Users\shashi\Desktop\UserApp\UserApp\target\classes started by shashi in C:\Users\shashi\Desktop\UserApp\UserApp)
2018-09-17 11:26:47.542  INFO home-PC --- [           main] c.d.c.App                                : No active profile set, falling back to default profiles: default
2018-09-17 11:26:47.598  INFO home-PC --- [           main] ConfigServletWebServerApplicationContext : Refreshing org.springframework.boot.web.servlet.context.AnnotationConfigServletWebServerApplicationContext@30990c1b: startup date [Mon Sep 17 11:26:47 IST 2018]; root of context hierarchy
2018-09-17 11:26:49.327  INFO home-PC --- [           main] o.s.b.w.e.t.TomcatWebServer              : Tomcat initialized with port(s): 8080 (http)
2018-09-17 11:26:49.368  INFO home-PC --- [           main] o.a.c.h.Http11NioProtocol                : Initializing ProtocolHandler ["http-nio-8080"]
2018-09-17 11:26:49.390  INFO home-PC --- [           main] o.a.c.c.StandardService                  : Starting service [Tomcat]
2018-09-17 11:26:49.390  INFO home-PC --- [           main] o.a.c.c.StandardEngine                   : Starting Servlet Engine: Apache Tomcat/8.5.31
2018-09-17 11:26:49.398  INFO home-PC --- [ost-startStop-1] o.a.c.c.AprLifecycleListener             : The APR based Apache Tomcat Native library which allows optimal performance in production environments was not found on the java.library.path: [C:\Program Files\Java\jre-10\bin;C:\Windows\Sun\Java\bin;C:\Windows\system32;C:\Windows;C:\ProgramData\Oracle\Java\javapath;C:\Windows\system32;C:\Windows;C:\Windows\System32\Wbem;C:\Windows\System32\WindowsPowerShell\v1.0\;C:\Program Files\Git\cmd;C:\Program Files\Java\jdk-10\bin;C:\Program Files\Java\jdk-10\bin;C:\Program Files\Java\jdk-10\bin;.]
2018-09-17 11:26:49.540  INFO home-PC --- [ost-startStop-1] o.a.c.c.C.[.[.[/]                        : Initializing Spring embedded WebApplicationContext
2018-09-17 11:26:49.540  INFO home-PC --- [ost-startStop-1] o.s.w.c.ContextLoader                    : Root WebApplicationContext: initialization completed in 1947 ms
2018-09-17 11:26:49.713  INFO home-PC --- [ost-startStop-1] o.s.b.w.s.ServletRegistrationBean        : Servlet dispatcherServlet mapped to [/]
2018-09-17 11:26:49.718  INFO home-PC --- [ost-startStop-1] o.s.b.w.s.FilterRegistrationBean         : Mapping filter: 'characterEncodingFilter' to: [/*]
2018-09-17 11:26:49.719  INFO home-PC --- [ost-startStop-1] o.s.b.w.s.FilterRegistrationBean         : Mapping filter: 'hiddenHttpMethodFilter' to: [/*]
2018-09-17 11:26:49.719  INFO home-PC --- [ost-startStop-1] o.s.b.w.s.FilterRegistrationBean         : Mapping filter: 'httpPutFormContentFilter' to: [/*]
2018-09-17 11:26:49.720  INFO home-PC --- [ost-startStop-1] o.s.b.w.s.FilterRegistrationBean         : Mapping filter: 'requestContextFilter' to: [/*]
2018-09-17 11:26:50.049  INFO home-PC --- [           main] o.s.w.s.h.SimpleUrlHandlerMapping        : Mapped URL path [/**/favicon.ico] onto handler of type [class org.springframework.web.servlet.resource.ResourceHttpRequestHandler]
2018-09-17 11:26:50.329  INFO home-PC --- [           main] s.w.s.m.m.a.RequestMappingHandlerAdapter : Looking for @ControllerAdvice: org.springframework.boot.web.servlet.context.AnnotationConfigServletWebServerApplicationContext@30990c1b: startup date [Mon Sep 17 11:26:47 IST 2018]; root of context hierarchy
2018-09-17 11:26:50.409  INFO home-PC --- [           main] s.w.s.m.m.a.RequestMappingHandlerMapping : Mapped "{[/UserApp/filter]}" onto public org.json.simple.JSONObject com.dm_02_tbdapp.controller.UserAppController.filter(int,int,java.lang.String)
2018-09-17 11:26:50.410  INFO home-PC --- [           main] s.w.s.m.m.a.RequestMappingHandlerMapping : Mapped "{[/UserApp/Test],methods=[POST]}" onto public java.lang.String com.dm_02_tbdapp.controller.UserAppController.test(org.json.simple.JSONObject)
2018-09-17 11:26:50.410  INFO home-PC --- [           main] s.w.s.m.m.a.RequestMappingHandlerMapping : Mapped "{[/UserApp/catalog],methods=[GET]}" onto public org.json.simple.JSONObject com.dm_02_tbdapp.controller.UserAppController.catalog()
2018-09-17 11:26:50.411  INFO home-PC --- [           main] s.w.s.m.m.a.RequestMappingHandlerMapping : Mapped "{[/UserApp/insertImage],methods=[GET]}" onto public java.lang.String com.dm_02_tbdapp.controller.UserAppController.image(java.lang.String)
2018-09-17 11:26:50.411  INFO home-PC --- [           main] s.w.s.m.m.a.RequestMappingHandlerMapping : Mapped "{[/UserApp/user],methods=[GET],produces=[application/json || application/xml]}" onto public com.dm_02_tbdapp.bean.UserProfile com.dm_02_tbdapp.controller.UserAppController.setUserProfile(java.lang.String)
2018-09-17 11:26:50.412  INFO home-PC --- [           main] s.w.s.m.m.a.RequestMappingHandlerMapping : Mapped "{[/UserApp/login],methods=[POST]}" onto public org.json.simple.JSONObject com.dm_02_tbdapp.controller.UserAppController.loginUser(org.json.simple.JSONObject)
2018-09-17 11:26:50.412  INFO home-PC --- [           main] s.w.s.m.m.a.RequestMappingHandlerMapping : Mapped "{[/UserApp/RegisterUser],methods=[POST]}" onto public org.json.simple.JSONObject com.dm_02_tbdapp.controller.UserAppController.newUser(org.json.simple.JSONObject)
2018-09-17 11:26:50.413  INFO home-PC --- [           main] s.w.s.m.m.a.RequestMappingHandlerMapping : Mapped "{[/UserApp/logout],methods=[GET]}" onto public org.json.simple.JSONObject com.dm_02_tbdapp.controller.UserAppController.logoutUser()
2018-09-17 11:26:50.413  INFO home-PC --- [           main] s.w.s.m.m.a.RequestMappingHandlerMapping : Mapped "{[/UserApp/registerUser],methods=[GET]}" onto public org.json.simple.JSONObject com.dm_02_tbdapp.controller.UserAppController.registerUser(com.dm_02_tbdapp.bean.User)
2018-09-17 11:26:50.413  INFO home-PC --- [           main] s.w.s.m.m.a.RequestMappingHandlerMapping : Mapped "{[/UserApp/updateUser],methods=[GET]}" onto public org.json.simple.JSONObject com.dm_02_tbdapp.controller.UserAppController.updateUser(com.dm_02_tbdapp.bean.User)
2018-09-17 11:26:50.414  INFO home-PC --- [           main] s.w.s.m.m.a.RequestMappingHandlerMapping : Mapped "{[/UserApp/updateUserAddress],methods=[GET]}" onto public org.json.simple.JSONObject com.dm_02_tbdapp.controller.UserAppController.updateAddress(com.dm_02_tbdapp.bean.User)
2018-09-17 11:26:50.414  INFO home-PC --- [           main] s.w.s.m.m.a.RequestMappingHandlerMapping : Mapped "{[/UserApp/addAddress],methods=[GET]}" onto public org.json.simple.JSONObject com.dm_02_tbdapp.controller.UserAppController.addAddress(com.dm_02_tbdapp.bean.User)
2018-09-17 11:26:50.415  INFO home-PC --- [           main] s.w.s.m.m.a.RequestMappingHandlerMapping : Mapped "{[/UserApp/removeAddress],methods=[GET]}" onto public org.json.simple.JSONObject com.dm_02_tbdapp.controller.UserAppController.removeAddress(com.dm_02_tbdapp.bean.User)
2018-09-17 11:26:50.415  INFO home-PC --- [           main] s.w.s.m.m.a.RequestMappingHandlerMapping : Mapped "{[/UserApp/product],methods=[GET]}" onto public org.json.simple.JSONObject com.dm_02_tbdapp.controller.UserAppController.product()
2018-09-17 11:26:50.416  INFO home-PC --- [           main] s.w.s.m.m.a.RequestMappingHandlerMapping : Mapped "{[/UserApp/showImage],methods=[GET],produces=[image/jpeg]}" onto public byte[] com.dm_02_tbdapp.controller.UserAppController.displayImg(int) throws java.io.IOException
2018-09-17 11:26:50.416  INFO home-PC --- [           main] s.w.s.m.m.a.RequestMappingHandlerMapping : Mapped "{[/UserApp/showImageNew]}" onto public void com.dm_02_tbdapp.controller.UserAppController.photo(javax.servlet.http.HttpServletResponse,int) throws java.io.IOException
2018-09-17 11:26:50.416  INFO home-PC --- [           main] s.w.s.m.m.a.RequestMappingHandlerMapping : Mapped "{[/UserApp/insertIntoProduct_Table],methods=[POST]}" onto public org.json.simple.JSONObject com.dm_02_tbdapp.controller.UserAppController.insertIntoProduct_Table(org.json.simple.JSONObject)
2018-09-17 11:26:50.422  INFO home-PC --- [           main] s.w.s.m.m.a.RequestMappingHandlerMapping : Mapped "{[/error]}" onto public org.springframework.http.ResponseEntity<java.util.Map<java.lang.String, java.lang.Object>> org.springframework.boot.autoconfigure.web.servlet.error.BasicErrorController.error(javax.servlet.http.HttpServletRequest)
2018-09-17 11:26:50.423  INFO home-PC --- [           main] s.w.s.m.m.a.RequestMappingHandlerMapping : Mapped "{[/error],produces=[text/html]}" onto public org.springframework.web.servlet.ModelAndView org.springframework.boot.autoconfigure.web.servlet.error.BasicErrorController.errorHtml(javax.servlet.http.HttpServletRequest,javax.servlet.http.HttpServletResponse)
2018-09-17 11:26:50.464  INFO home-PC --- [           main] o.s.w.s.h.SimpleUrlHandlerMapping        : Mapped URL path [/webjars/**] onto handler of type [class org.springframework.web.servlet.resource.ResourceHttpRequestHandler]
2018-09-17 11:26:50.464  INFO home-PC --- [           main] o.s.w.s.h.SimpleUrlHandlerMapping        : Mapped URL path [/**] onto handler of type [class org.springframework.web.servlet.resource.ResourceHttpRequestHandler]
2018-09-17 11:26:50.783  INFO home-PC --- [           main] o.s.j.e.a.AnnotationMBeanExporter        : Registering beans for JMX exposure on startup
2018-09-17 11:26:50.785  INFO home-PC --- [           main] o.s.j.e.a.AnnotationMBeanExporter        : Bean with name 'dataSource' has been autodetected for JMX exposure
2018-09-17 11:26:50.792  INFO home-PC --- [           main] o.s.j.e.a.AnnotationMBeanExporter        : Located MBean 'dataSource': registering with JMX server as MBean [com.zaxxer.hikari:name=dataSource,type=HikariDataSource]
2018-09-17 11:26:50.808  INFO home-PC --- [           main] o.a.c.h.Http11NioProtocol                : Starting ProtocolHandler ["http-nio-8080"]
2018-09-17 11:26:50.819  INFO home-PC --- [           main] o.a.t.u.n.NioSelectorPool                : Using a shared selector for servlet write/read
2018-09-17 11:26:50.835  INFO home-PC --- [           main] o.s.b.w.e.t.TomcatWebServer              : Tomcat started on port(s): 8080 (http) with context path ''
2018-09-17 11:26:50.840  INFO home-PC --- [           main] c.d.c.App                                : Started App in 3.722 seconds (JVM running for 5.081)
2018-09-17 11:52:01.488  INFO home-PC --- [on(2)-127.0.0.1] inMXBeanRegistrar$SpringApplicationAdmin : Application shutdown requested.
2018-09-17 11:52:01.489  INFO home-PC --- [on(2)-127.0.0.1] ConfigServletWebServerApplicationContext : Closing org.springframework.boot.web.servlet.context.AnnotationConfigServletWebServerApplicationContext@30990c1b: startup date [Mon Sep 17 11:26:47 IST 2018]; root of context hierarchy
2018-09-17 11:52:01.492  INFO home-PC --- [on(2)-127.0.0.1] o.s.j.e.a.AnnotationMBeanExporter        : Unregistering JMX-exposed beans on shutdown
2018-09-17 11:52:01.493  INFO home-PC --- [on(2)-127.0.0.1] o.s.j.e.a.AnnotationMBeanExporter        : Unregistering JMX-exposed beans
2018-09-17 11:53:09.924  INFO home-PC --- [           main] c.d.c.App                                : Starting App on home-PC with PID 2432 (C:\Users\shashi\Desktop\UserApp\UserApp\target\classes started by shashi in C:\Users\shashi\Desktop\UserApp\UserApp)
2018-09-17 11:53:09.931  INFO home-PC --- [           main] c.d.c.App                                : No active profile set, falling back to default profiles: default
2018-09-17 11:53:09.998  INFO home-PC --- [           main] ConfigServletWebServerApplicationContext : Refreshing org.springframework.boot.web.servlet.context.AnnotationConfigServletWebServerApplicationContext@a8c1f44: startup date [Mon Sep 17 11:53:09 IST 2018]; root of context hierarchy
2018-09-17 11:53:11.857  INFO home-PC --- [           main] o.s.b.w.e.t.TomcatWebServer              : Tomcat initialized with port(s): 8080 (http)
2018-09-17 11:53:11.895  INFO home-PC --- [           main] o.a.c.h.Http11NioProtocol                : Initializing ProtocolHandler ["http-nio-8080"]
2018-09-17 11:53:11.916  INFO home-PC --- [           main] o.a.c.c.StandardService                  : Starting service [Tomcat]
2018-09-17 11:53:11.918  INFO home-PC --- [           main] o.a.c.c.StandardEngine                   : Starting Servlet Engine: Apache Tomcat/8.5.31
2018-09-17 11:53:11.928  INFO home-PC --- [ost-startStop-1] o.a.c.c.AprLifecycleListener             : The APR based Apache Tomcat Native library which allows optimal performance in production environments was not found on the java.library.path: [C:\Program Files\Java\jre-10\bin;C:\Windows\Sun\Java\bin;C:\Windows\system32;C:\Windows;C:\ProgramData\Oracle\Java\javapath;C:\Windows\system32;C:\Windows;C:\Windows\System32\Wbem;C:\Windows\System32\WindowsPowerShell\v1.0\;C:\Program Files\Git\cmd;C:\Program Files\Java\jdk-10\bin;C:\Program Files\Java\jdk-10\bin;C:\Program Files\Java\jdk-10\bin;.]
2018-09-17 11:53:12.081  INFO home-PC --- [ost-startStop-1] o.a.c.c.C.[.[.[/]                        : Initializing Spring embedded WebApplicationContext
2018-09-17 11:53:12.082  INFO home-PC --- [ost-startStop-1] o.s.w.c.ContextLoader                    : Root WebApplicationContext: initialization completed in 2091 ms
2018-09-17 11:53:12.303  INFO home-PC --- [ost-startStop-1] o.s.b.w.s.ServletRegistrationBean        : Servlet dispatcherServlet mapped to [/]
2018-09-17 11:53:12.311  INFO home-PC --- [ost-startStop-1] o.s.b.w.s.FilterRegistrationBean         : Mapping filter: 'characterEncodingFilter' to: [/*]
2018-09-17 11:53:12.312  INFO home-PC --- [ost-startStop-1] o.s.b.w.s.FilterRegistrationBean         : Mapping filter: 'hiddenHttpMethodFilter' to: [/*]
2018-09-17 11:53:12.312  INFO home-PC --- [ost-startStop-1] o.s.b.w.s.FilterRegistrationBean         : Mapping filter: 'httpPutFormContentFilter' to: [/*]
2018-09-17 11:53:12.312  INFO home-PC --- [ost-startStop-1] o.s.b.w.s.FilterRegistrationBean         : Mapping filter: 'requestContextFilter' to: [/*]
2018-09-17 11:53:12.708  INFO home-PC --- [           main] o.s.w.s.h.SimpleUrlHandlerMapping        : Mapped URL path [/**/favicon.ico] onto handler of type [class org.springframework.web.servlet.resource.ResourceHttpRequestHandler]
2018-09-17 11:53:13.002  INFO home-PC --- [           main] s.w.s.m.m.a.RequestMappingHandlerAdapter : Looking for @ControllerAdvice: org.springframework.boot.web.servlet.context.AnnotationConfigServletWebServerApplicationContext@a8c1f44: startup date [Mon Sep 17 11:53:09 IST 2018]; root of context hierarchy
2018-09-17 11:53:13.069  INFO home-PC --- [           main] s.w.s.m.m.a.RequestMappingHandlerMapping : Mapped "{[/UserApp/filter]}" onto public org.json.simple.JSONObject com.dm_02_tbdapp.controller.UserAppController.filter(int,int,java.lang.String)
2018-09-17 11:53:13.070  INFO home-PC --- [           main] s.w.s.m.m.a.RequestMappingHandlerMapping : Mapped "{[/UserApp/Test],methods=[POST]}" onto public java.lang.String com.dm_02_tbdapp.controller.UserAppController.test(org.json.simple.JSONObject)
2018-09-17 11:53:13.070  INFO home-PC --- [           main] s.w.s.m.m.a.RequestMappingHandlerMapping : Mapped "{[/UserApp/catalog],methods=[GET]}" onto public org.json.simple.JSONObject com.dm_02_tbdapp.controller.UserAppController.catalog()
2018-09-17 11:53:13.071  INFO home-PC --- [           main] s.w.s.m.m.a.RequestMappingHandlerMapping : Mapped "{[/UserApp/insertImage],methods=[GET]}" onto public java.lang.String com.dm_02_tbdapp.controller.UserAppController.image(java.lang.String)
2018-09-17 11:53:13.071  INFO home-PC --- [           main] s.w.s.m.m.a.RequestMappingHandlerMapping : Mapped "{[/UserApp/login],methods=[POST]}" onto public org.json.simple.JSONObject com.dm_02_tbdapp.controller.UserAppController.loginUser(org.json.simple.JSONObject)
2018-09-17 11:53:13.072  INFO home-PC --- [           main] s.w.s.m.m.a.RequestMappingHandlerMapping : Mapped "{[/UserApp/RegisterUser],methods=[POST]}" onto public org.json.simple.JSONObject com.dm_02_tbdapp.controller.UserAppController.newUser(org.json.simple.JSONObject)
2018-09-17 11:53:13.072  INFO home-PC --- [           main] s.w.s.m.m.a.RequestMappingHandlerMapping : Mapped "{[/UserApp/logout],methods=[GET]}" onto public org.json.simple.JSONObject com.dm_02_tbdapp.controller.UserAppController.logoutUser()
2018-09-17 11:53:13.073  INFO home-PC --- [           main] s.w.s.m.m.a.RequestMappingHandlerMapping : Mapped "{[/UserApp/registerUser],methods=[GET]}" onto public org.json.simple.JSONObject com.dm_02_tbdapp.controller.UserAppController.registerUser(com.dm_02_tbdapp.bean.User)
2018-09-17 11:53:13.073  INFO home-PC --- [           main] s.w.s.m.m.a.RequestMappingHandlerMapping : Mapped "{[/UserApp/updateUser],methods=[GET]}" onto public org.json.simple.JSONObject com.dm_02_tbdapp.controller.UserAppController.updateUser(com.dm_02_tbdapp.bean.User)
2018-09-17 11:53:13.074  INFO home-PC --- [           main] s.w.s.m.m.a.RequestMappingHandlerMapping : Mapped "{[/UserApp/updateUserAddress],methods=[GET]}" onto public org.json.simple.JSONObject com.dm_02_tbdapp.controller.UserAppController.updateAddress(com.dm_02_tbdapp.bean.User)
2018-09-17 11:53:13.074  INFO home-PC --- [           main] s.w.s.m.m.a.RequestMappingHandlerMapping : Mapped "{[/UserApp/addAddress],methods=[GET]}" onto public org.json.simple.JSONObject com.dm_02_tbdapp.controller.UserAppController.addAddress(com.dm_02_tbdapp.bean.User)
2018-09-17 11:53:13.074  INFO home-PC --- [           main] s.w.s.m.m.a.RequestMappingHandlerMapping : Mapped "{[/UserApp/removeAddress],methods=[GET]}" onto public org.json.simple.JSONObject com.dm_02_tbdapp.controller.UserAppController.removeAddress(com.dm_02_tbdapp.bean.User)
2018-09-17 11:53:13.075  INFO home-PC --- [           main] s.w.s.m.m.a.RequestMappingHandlerMapping : Mapped "{[/UserApp/product],methods=[GET]}" onto public org.json.simple.JSONObject com.dm_02_tbdapp.controller.UserAppController.product()
2018-09-17 11:53:13.076  INFO home-PC --- [           main] s.w.s.m.m.a.RequestMappingHandlerMapping : Mapped "{[/UserApp/showImage],methods=[GET],produces=[image/jpeg]}" onto public byte[] com.dm_02_tbdapp.controller.UserAppController.displayImg(int) throws java.io.IOException
2018-09-17 11:53:13.076  INFO home-PC --- [           main] s.w.s.m.m.a.RequestMappingHandlerMapping : Mapped "{[/UserApp/showImageNew]}" onto public void com.dm_02_tbdapp.controller.UserAppController.photo(javax.servlet.http.HttpServletResponse,int) throws java.io.IOException
2018-09-17 11:53:13.076  INFO home-PC --- [           main] s.w.s.m.m.a.RequestMappingHandlerMapping : Mapped "{[/UserApp/user],methods=[GET],produces=[application/json || application/xml]}" onto public com.dm_02_tbdapp.bean.UserProfile com.dm_02_tbdapp.controller.UserAppController.setUserProfile(java.lang.String)
2018-09-17 11:53:13.077  INFO home-PC --- [           main] s.w.s.m.m.a.RequestMappingHandlerMapping : Mapped "{[/UserApp/insertIntoProduct_Table],methods=[POST]}" onto public org.json.simple.JSONObject com.dm_02_tbdapp.controller.UserAppController.insertIntoProduct_Table(org.json.simple.JSONObject)
2018-09-17 11:53:13.081  INFO home-PC --- [           main] s.w.s.m.m.a.RequestMappingHandlerMapping : Mapped "{[/error]}" onto public org.springframework.http.ResponseEntity<java.util.Map<java.lang.String, java.lang.Object>> org.springframework.boot.autoconfigure.web.servlet.error.BasicErrorController.error(javax.servlet.http.HttpServletRequest)
2018-09-17 11:53:13.082  INFO home-PC --- [           main] s.w.s.m.m.a.RequestMappingHandlerMapping : Mapped "{[/error],produces=[text/html]}" onto public org.springframework.web.servlet.ModelAndView org.springframework.boot.autoconfigure.web.servlet.error.BasicErrorController.errorHtml(javax.servlet.http.HttpServletRequest,javax.servlet.http.HttpServletResponse)
2018-09-17 11:53:13.114  INFO home-PC --- [           main] o.s.w.s.h.SimpleUrlHandlerMapping        : Mapped URL path [/webjars/**] onto handler of type [class org.springframework.web.servlet.resource.ResourceHttpRequestHandler]
2018-09-17 11:53:13.115  INFO home-PC --- [           main] o.s.w.s.h.SimpleUrlHandlerMapping        : Mapped URL path [/**] onto handler of type [class org.springframework.web.servlet.resource.ResourceHttpRequestHandler]
2018-09-17 11:53:13.419  INFO home-PC --- [           main] o.s.j.e.a.AnnotationMBeanExporter        : Registering beans for JMX exposure on startup
2018-09-17 11:53:13.422  INFO home-PC --- [           main] o.s.j.e.a.AnnotationMBeanExporter        : Bean with name 'dataSource' has been autodetected for JMX exposure
2018-09-17 11:53:13.429  INFO home-PC --- [           main] o.s.j.e.a.AnnotationMBeanExporter        : Located MBean 'dataSource': registering with JMX server as MBean [com.zaxxer.hikari:name=dataSource,type=HikariDataSource]
2018-09-17 11:53:13.442  INFO home-PC --- [           main] o.a.c.h.Http11NioProtocol                : Starting ProtocolHandler ["http-nio-8080"]
2018-09-17 11:53:13.456  INFO home-PC --- [           main] o.a.t.u.n.NioSelectorPool                : Using a shared selector for servlet write/read
2018-09-17 11:53:13.479  INFO home-PC --- [           main] o.s.b.w.e.t.TomcatWebServer              : Tomcat started on port(s): 8080 (http) with context path ''
2018-09-17 11:53:13.487  INFO home-PC --- [           main] c.d.c.App                                : Started App in 3.994 seconds (JVM running for 5.921)
2018-09-17 12:46:26.657  INFO home-PC --- [on(2)-127.0.0.1] inMXBeanRegistrar$SpringApplicationAdmin : Application shutdown requested.
2018-09-17 12:46:26.658  INFO home-PC --- [on(2)-127.0.0.1] ConfigServletWebServerApplicationContext : Closing org.springframework.boot.web.servlet.context.AnnotationConfigServletWebServerApplicationContext@a8c1f44: startup date [Mon Sep 17 11:53:09 IST 2018]; root of context hierarchy
2018-09-17 12:46:26.661  INFO home-PC --- [on(2)-127.0.0.1] o.s.j.e.a.AnnotationMBeanExporter        : Unregistering JMX-exposed beans on shutdown
2018-09-17 12:46:26.662  INFO home-PC --- [on(2)-127.0.0.1] o.s.j.e.a.AnnotationMBeanExporter        : Unregistering JMX-exposed beans
2018-09-17 16:28:26.423  INFO home-PC --- [           main] c.d.c.App                                : Starting App on home-PC with PID 6136 (C:\Users\shashi\Desktop\UserApp\UserApp\target\classes started by shashi in C:\Users\shashi\Desktop\UserApp\UserApp)
2018-09-17 16:28:26.551  INFO home-PC --- [           main] c.d.c.App                                : No active profile set, falling back to default profiles: default
2018-09-17 16:28:26.669  INFO home-PC --- [           main] ConfigServletWebServerApplicationContext : Refreshing org.springframework.boot.web.servlet.context.AnnotationConfigServletWebServerApplicationContext@3f446bef: startup date [Mon Sep 17 16:28:26 IST 2018]; root of context hierarchy
2018-09-17 16:28:28.336  INFO home-PC --- [           main] o.s.b.w.e.t.TomcatWebServer              : Tomcat initialized with port(s): 8080 (http)
2018-09-17 16:28:28.361  INFO home-PC --- [           main] o.a.c.h.Http11NioProtocol                : Initializing ProtocolHandler ["http-nio-8080"]
2018-09-17 16:28:28.391  INFO home-PC --- [           main] o.a.c.c.StandardService                  : Starting service [Tomcat]
2018-09-17 16:28:28.392  INFO home-PC --- [           main] o.a.c.c.StandardEngine                   : Starting Servlet Engine: Apache Tomcat/8.5.31
2018-09-17 16:28:28.403  INFO home-PC --- [ost-startStop-1] o.a.c.c.AprLifecycleListener             : The APR based Apache Tomcat Native library which allows optimal performance in production environments was not found on the java.library.path: [C:\Program Files\Java\jre-10\bin;C:\Windows\Sun\Java\bin;C:\Windows\system32;C:\Windows;C:\ProgramData\Oracle\Java\javapath;C:\Windows\system32;C:\Windows;C:\Windows\System32\Wbem;C:\Windows\System32\WindowsPowerShell\v1.0\;C:\Program Files\Git\cmd;C:\Program Files\Java\jdk-10\bin;C:\Program Files\Java\jdk-10\bin;C:\Program Files\Java\jdk-10\bin;.]
2018-09-17 16:28:28.531  INFO home-PC --- [ost-startStop-1] o.a.c.c.C.[.[.[/]                        : Initializing Spring embedded WebApplicationContext
2018-09-17 16:28:28.532  INFO home-PC --- [ost-startStop-1] o.s.w.c.ContextLoader                    : Root WebApplicationContext: initialization completed in 1876 ms
2018-09-17 16:28:28.672  INFO home-PC --- [ost-startStop-1] o.s.b.w.s.ServletRegistrationBean        : Servlet dispatcherServlet mapped to [/]
2018-09-17 16:28:28.677  INFO home-PC --- [ost-startStop-1] o.s.b.w.s.FilterRegistrationBean         : Mapping filter: 'characterEncodingFilter' to: [/*]
2018-09-17 16:28:28.678  INFO home-PC --- [ost-startStop-1] o.s.b.w.s.FilterRegistrationBean         : Mapping filter: 'hiddenHttpMethodFilter' to: [/*]
2018-09-17 16:28:28.678  INFO home-PC --- [ost-startStop-1] o.s.b.w.s.FilterRegistrationBean         : Mapping filter: 'httpPutFormContentFilter' to: [/*]
2018-09-17 16:28:28.678  INFO home-PC --- [ost-startStop-1] o.s.b.w.s.FilterRegistrationBean         : Mapping filter: 'requestContextFilter' to: [/*]
2018-09-17 16:28:29.056  INFO home-PC --- [           main] o.s.w.s.h.SimpleUrlHandlerMapping        : Mapped URL path [/**/favicon.ico] onto handler of type [class org.springframework.web.servlet.resource.ResourceHttpRequestHandler]
2018-09-17 16:28:29.275  INFO home-PC --- [           main] s.w.s.m.m.a.RequestMappingHandlerAdapter : Looking for @ControllerAdvice: org.springframework.boot.web.servlet.context.AnnotationConfigServletWebServerApplicationContext@3f446bef: startup date [Mon Sep 17 16:28:26 IST 2018]; root of context hierarchy
2018-09-17 16:28:29.335  INFO home-PC --- [           main] s.w.s.m.m.a.RequestMappingHandlerMapping : Mapped "{[/UserApp/filter]}" onto public org.json.simple.JSONObject com.dm_02_tbdapp.controller.UserAppController.filter(int,int,java.lang.String)
2018-09-17 16:28:29.336  INFO home-PC --- [           main] s.w.s.m.m.a.RequestMappingHandlerMapping : Mapped "{[/UserApp/Test],methods=[POST]}" onto public java.lang.String com.dm_02_tbdapp.controller.UserAppController.test(org.json.simple.JSONObject)
2018-09-17 16:28:29.337  INFO home-PC --- [           main] s.w.s.m.m.a.RequestMappingHandlerMapping : Mapped "{[/UserApp/insertImage],methods=[GET]}" onto public java.lang.String com.dm_02_tbdapp.controller.UserAppController.image(java.lang.String)
2018-09-17 16:28:29.337  INFO home-PC --- [           main] s.w.s.m.m.a.RequestMappingHandlerMapping : Mapped "{[/UserApp/catalog],methods=[GET]}" onto public org.json.simple.JSONObject com.dm_02_tbdapp.controller.UserAppController.catalog()
2018-09-17 16:28:29.338  INFO home-PC --- [           main] s.w.s.m.m.a.RequestMappingHandlerMapping : Mapped "{[/UserApp/user],methods=[GET],produces=[application/json || application/xml]}" onto public com.dm_02_tbdapp.bean.UserProfile com.dm_02_tbdapp.controller.UserAppController.setUserProfile(java.lang.String)
2018-09-17 16:28:29.338  INFO home-PC --- [           main] s.w.s.m.m.a.RequestMappingHandlerMapping : Mapped "{[/UserApp/login],methods=[POST]}" onto public org.json.simple.JSONObject com.dm_02_tbdapp.controller.UserAppController.loginUser(org.json.simple.JSONObject)
2018-09-17 16:28:29.339  INFO home-PC --- [           main] s.w.s.m.m.a.RequestMappingHandlerMapping : Mapped "{[/UserApp/RegisterUser],methods=[POST]}" onto public org.json.simple.JSONObject com.dm_02_tbdapp.controller.UserAppController.newUser(org.json.simple.JSONObject)
2018-09-17 16:28:29.339  INFO home-PC --- [           main] s.w.s.m.m.a.RequestMappingHandlerMapping : Mapped "{[/UserApp/logout],methods=[GET]}" onto public org.json.simple.JSONObject com.dm_02_tbdapp.controller.UserAppController.logoutUser()
2018-09-17 16:28:29.339  INFO home-PC --- [           main] s.w.s.m.m.a.RequestMappingHandlerMapping : Mapped "{[/UserApp/registerUser],methods=[GET]}" onto public org.json.simple.JSONObject com.dm_02_tbdapp.controller.UserAppController.registerUser(com.dm_02_tbdapp.bean.User)
2018-09-17 16:28:29.340  INFO home-PC --- [           main] s.w.s.m.m.a.RequestMappingHandlerMapping : Mapped "{[/UserApp/updateUser],methods=[GET]}" onto public org.json.simple.JSONObject com.dm_02_tbdapp.controller.UserAppController.updateUser(com.dm_02_tbdapp.bean.User)
2018-09-17 16:28:29.340  INFO home-PC --- [           main] s.w.s.m.m.a.RequestMappingHandlerMapping : Mapped "{[/UserApp/updateUserAddress],methods=[GET]}" onto public org.json.simple.JSONObject com.dm_02_tbdapp.controller.UserAppController.updateAddress(com.dm_02_tbdapp.bean.User)
2018-09-17 16:28:29.340  INFO home-PC --- [           main] s.w.s.m.m.a.RequestMappingHandlerMapping : Mapped "{[/UserApp/addAddress],methods=[GET]}" onto public org.json.simple.JSONObject com.dm_02_tbdapp.controller.UserAppController.addAddress(com.dm_02_tbdapp.bean.User)
2018-09-17 16:28:29.341  INFO home-PC --- [           main] s.w.s.m.m.a.RequestMappingHandlerMapping : Mapped "{[/UserApp/removeAddress],methods=[GET]}" onto public org.json.simple.JSONObject com.dm_02_tbdapp.controller.UserAppController.removeAddress(com.dm_02_tbdapp.bean.User)
2018-09-17 16:28:29.341  INFO home-PC --- [           main] s.w.s.m.m.a.RequestMappingHandlerMapping : Mapped "{[/UserApp/product],methods=[GET]}" onto public org.json.simple.JSONObject com.dm_02_tbdapp.controller.UserAppController.product()
2018-09-17 16:28:29.341  INFO home-PC --- [           main] s.w.s.m.m.a.RequestMappingHandlerMapping : Mapped "{[/UserApp/showImage],methods=[GET],produces=[image/jpeg]}" onto public byte[] com.dm_02_tbdapp.controller.UserAppController.displayImg(int) throws java.io.IOException
2018-09-17 16:28:29.342  INFO home-PC --- [           main] s.w.s.m.m.a.RequestMappingHandlerMapping : Mapped "{[/UserApp/showImageNew]}" onto public void com.dm_02_tbdapp.controller.UserAppController.photo(javax.servlet.http.HttpServletResponse,int) throws java.io.IOException
2018-09-17 16:28:29.342  INFO home-PC --- [           main] s.w.s.m.m.a.RequestMappingHandlerMapping : Mapped "{[/UserApp/insertIntoProduct_Table],methods=[POST]}" onto public org.json.simple.JSONObject com.dm_02_tbdapp.controller.UserAppController.insertIntoProduct_Table(org.json.simple.JSONObject)
2018-09-17 16:28:29.346  INFO home-PC --- [           main] s.w.s.m.m.a.RequestMappingHandlerMapping : Mapped "{[/error]}" onto public org.springframework.http.ResponseEntity<java.util.Map<java.lang.String, java.lang.Object>> org.springframework.boot.autoconfigure.web.servlet.error.BasicErrorController.error(javax.servlet.http.HttpServletRequest)
2018-09-17 16:28:29.347  INFO home-PC --- [           main] s.w.s.m.m.a.RequestMappingHandlerMapping : Mapped "{[/error],produces=[text/html]}" onto public org.springframework.web.servlet.ModelAndView org.springframework.boot.autoconfigure.web.servlet.error.BasicErrorController.errorHtml(javax.servlet.http.HttpServletRequest,javax.servlet.http.HttpServletResponse)
2018-09-17 16:28:29.376  INFO home-PC --- [           main] o.s.w.s.h.SimpleUrlHandlerMapping        : Mapped URL path [/webjars/**] onto handler of type [class org.springframework.web.servlet.resource.ResourceHttpRequestHandler]
2018-09-17 16:28:29.377  INFO home-PC --- [           main] o.s.w.s.h.SimpleUrlHandlerMapping        : Mapped URL path [/**] onto handler of type [class org.springframework.web.servlet.resource.ResourceHttpRequestHandler]
2018-09-17 16:28:29.690  INFO home-PC --- [           main] o.s.j.e.a.AnnotationMBeanExporter        : Registering beans for JMX exposure on startup
2018-09-17 16:28:29.692  INFO home-PC --- [           main] o.s.j.e.a.AnnotationMBeanExporter        : Bean with name 'dataSource' has been autodetected for JMX exposure
2018-09-17 16:28:29.698  INFO home-PC --- [           main] o.s.j.e.a.AnnotationMBeanExporter        : Located MBean 'dataSource': registering with JMX server as MBean [com.zaxxer.hikari:name=dataSource,type=HikariDataSource]
2018-09-17 16:28:29.712  INFO home-PC --- [           main] o.a.c.h.Http11NioProtocol                : Starting ProtocolHandler ["http-nio-8080"]
2018-09-17 16:28:29.793  INFO home-PC --- [           main] o.a.t.u.n.NioSelectorPool                : Using a shared selector for servlet write/read
2018-09-17 16:28:29.811  INFO home-PC --- [           main] o.s.b.w.e.t.TomcatWebServer              : Tomcat started on port(s): 8080 (http) with context path ''
2018-09-17 16:28:29.816  INFO home-PC --- [           main] c.d.c.App                                : Started App in 3.873 seconds (JVM running for 5.317)
2018-09-17 16:28:33.243  INFO home-PC --- [on(2)-127.0.0.1] inMXBeanRegistrar$SpringApplicationAdmin : Application shutdown requested.
2018-09-17 16:28:33.244  INFO home-PC --- [on(2)-127.0.0.1] ConfigServletWebServerApplicationContext : Closing org.springframework.boot.web.servlet.context.AnnotationConfigServletWebServerApplicationContext@3f446bef: startup date [Mon Sep 17 16:28:26 IST 2018]; root of context hierarchy
2018-09-17 16:28:33.247  INFO home-PC --- [on(2)-127.0.0.1] o.s.j.e.a.AnnotationMBeanExporter        : Unregistering JMX-exposed beans on shutdown
2018-09-17 16:28:33.248  INFO home-PC --- [on(2)-127.0.0.1] o.s.j.e.a.AnnotationMBeanExporter        : Unregistering JMX-exposed beans
