2018-09-11 09:18:57.711  INFO home-PC --- [           main] c.d.c.App                                : Starting App on home-PC with PID 4168 (C:\Users\shashi\Desktop\UserApp\UserApp\target\classes started by shashi in C:\Users\shashi\Desktop\UserApp\UserApp)
2018-09-11 09:18:57.843  INFO home-PC --- [           main] c.d.c.App                                : No active profile set, falling back to default profiles: default
2018-09-11 09:18:58.255  INFO home-PC --- [           main] ConfigServletWebServerApplicationContext : Refreshing org.springframework.boot.web.servlet.context.AnnotationConfigServletWebServerApplicationContext@6e1d8f9e: startup date [Tue Sep 11 09:18:58 IST 2018]; root of context hierarchy
2018-09-11 09:19:02.595  INFO home-PC --- [           main] o.s.b.w.e.t.TomcatWebServer              : Tomcat initialized with port(s): 8080 (http)
2018-09-11 09:19:02.705  INFO home-PC --- [           main] o.a.c.h.Http11NioProtocol                : Initializing ProtocolHandler ["http-nio-8080"]
2018-09-11 09:19:02.745  INFO home-PC --- [           main] o.a.c.c.StandardService                  : Starting service [Tomcat]
2018-09-11 09:19:02.746  INFO home-PC --- [           main] o.a.c.c.StandardEngine                   : Starting Servlet Engine: Apache Tomcat/8.5.31
2018-09-11 09:19:02.783  INFO home-PC --- [ost-startStop-1] o.a.c.c.AprLifecycleListener             : The APR based Apache Tomcat Native library which allows optimal performance in production environments was not found on the java.library.path: [C:\Program Files\Java\jdk-10\bin;C:\Windows\Sun\Java\bin;C:\Windows\system32;C:\Windows;C:\ProgramData\Oracle\Java\javapath;C:\Windows\system32;C:\Windows;C:\Windows\System32\Wbem;C:\Windows\System32\WindowsPowerShell\v1.0\;C:\Program Files\Git\cmd;C:\Program Files\Java\jdk-10\bin;C:\Program Files\Java\jdk-10\bin;C:\Program Files\Java\jdk-10\bin;.]
2018-09-11 09:19:03.169  INFO home-PC --- [ost-startStop-1] o.a.c.c.C.[.[.[/]                        : Initializing Spring embedded WebApplicationContext
2018-09-11 09:19:03.169  INFO home-PC --- [ost-startStop-1] o.s.w.c.ContextLoader                    : Root WebApplicationContext: initialization completed in 5017 ms
2018-09-11 09:19:03.407  INFO home-PC --- [ost-startStop-1] o.s.b.w.s.ServletRegistrationBean        : Servlet dispatcherServlet mapped to [/]
2018-09-11 09:19:03.423  INFO home-PC --- [ost-startStop-1] o.s.b.w.s.FilterRegistrationBean         : Mapping filter: 'characterEncodingFilter' to: [/*]
2018-09-11 09:19:03.424  INFO home-PC --- [ost-startStop-1] o.s.b.w.s.FilterRegistrationBean         : Mapping filter: 'hiddenHttpMethodFilter' to: [/*]
2018-09-11 09:19:03.424  INFO home-PC --- [ost-startStop-1] o.s.b.w.s.FilterRegistrationBean         : Mapping filter: 'httpPutFormContentFilter' to: [/*]
2018-09-11 09:19:03.424  INFO home-PC --- [ost-startStop-1] o.s.b.w.s.FilterRegistrationBean         : Mapping filter: 'requestContextFilter' to: [/*]
2018-09-11 09:19:04.180  INFO home-PC --- [           main] o.s.w.s.h.SimpleUrlHandlerMapping        : Mapped URL path [/**/favicon.ico] onto handler of type [class org.springframework.web.servlet.resource.ResourceHttpRequestHandler]
2018-09-11 09:19:04.579  INFO home-PC --- [           main] s.w.s.m.m.a.RequestMappingHandlerAdapter : Looking for @ControllerAdvice: org.springframework.boot.web.servlet.context.AnnotationConfigServletWebServerApplicationContext@6e1d8f9e: startup date [Tue Sep 11 09:18:58 IST 2018]; root of context hierarchy
2018-09-11 09:19:04.656  INFO home-PC --- [           main] s.w.s.m.m.a.RequestMappingHandlerMapping : Mapped "{[/UserApp/filter]}" onto public org.json.simple.JSONObject com.dm_02_tbdapp.controller.UserAppController.filter(int,int,java.lang.String)
2018-09-11 09:19:04.658  INFO home-PC --- [           main] s.w.s.m.m.a.RequestMappingHandlerMapping : Mapped "{[/UserApp/Test],methods=[POST]}" onto public java.lang.String com.dm_02_tbdapp.controller.UserAppController.test(org.json.simple.JSONObject)
2018-09-11 09:19:04.658  INFO home-PC --- [           main] s.w.s.m.m.a.RequestMappingHandlerMapping : Mapped "{[/UserApp/catalog],methods=[GET]}" onto public org.json.simple.JSONObject com.dm_02_tbdapp.controller.UserAppController.catalog()
2018-09-11 09:19:04.658  INFO home-PC --- [           main] s.w.s.m.m.a.RequestMappingHandlerMapping : Mapped "{[/UserApp/product],methods=[GET]}" onto public org.json.simple.JSONObject com.dm_02_tbdapp.controller.UserAppController.product()
2018-09-11 09:19:04.659  INFO home-PC --- [           main] s.w.s.m.m.a.RequestMappingHandlerMapping : Mapped "{[/UserApp/insertImage],methods=[GET]}" onto public java.lang.String com.dm_02_tbdapp.controller.UserAppController.image(java.lang.String)
2018-09-11 09:19:04.659  INFO home-PC --- [           main] s.w.s.m.m.a.RequestMappingHandlerMapping : Mapped "{[/UserApp/user],methods=[GET],produces=[application/json || application/xml]}" onto public com.dm_02_tbdapp.bean.UserProfile com.dm_02_tbdapp.controller.UserAppController.setUserProfile(java.lang.String)
2018-09-11 09:19:04.660  INFO home-PC --- [           main] s.w.s.m.m.a.RequestMappingHandlerMapping : Mapped "{[/UserApp/login],methods=[POST]}" onto public org.json.simple.JSONObject com.dm_02_tbdapp.controller.UserAppController.loginUser(org.json.simple.JSONObject)
2018-09-11 09:19:04.660  INFO home-PC --- [           main] s.w.s.m.m.a.RequestMappingHandlerMapping : Mapped "{[/UserApp/RegisterUser],methods=[POST]}" onto public org.json.simple.JSONObject com.dm_02_tbdapp.controller.UserAppController.newUser(org.json.simple.JSONObject)
2018-09-11 09:19:04.661  INFO home-PC --- [           main] s.w.s.m.m.a.RequestMappingHandlerMapping : Mapped "{[/UserApp/logout],methods=[GET]}" onto public org.json.simple.JSONObject com.dm_02_tbdapp.controller.UserAppController.logoutUser()
2018-09-11 09:19:04.661  INFO home-PC --- [           main] s.w.s.m.m.a.RequestMappingHandlerMapping : Mapped "{[/UserApp/registerUser],methods=[GET]}" onto public org.json.simple.JSONObject com.dm_02_tbdapp.controller.UserAppController.registerUser(com.dm_02_tbdapp.bean.User)
2018-09-11 09:19:04.661  INFO home-PC --- [           main] s.w.s.m.m.a.RequestMappingHandlerMapping : Mapped "{[/UserApp/updateUser],methods=[GET]}" onto public org.json.simple.JSONObject com.dm_02_tbdapp.controller.UserAppController.updateUser(com.dm_02_tbdapp.bean.User)
2018-09-11 09:19:04.662  INFO home-PC --- [           main] s.w.s.m.m.a.RequestMappingHandlerMapping : Mapped "{[/UserApp/updateUserAddress],methods=[GET]}" onto public org.json.simple.JSONObject com.dm_02_tbdapp.controller.UserAppController.updateAddress(com.dm_02_tbdapp.bean.User)
2018-09-11 09:19:04.662  INFO home-PC --- [           main] s.w.s.m.m.a.RequestMappingHandlerMapping : Mapped "{[/UserApp/addAddress],methods=[GET]}" onto public org.json.simple.JSONObject com.dm_02_tbdapp.controller.UserAppController.addAddress(com.dm_02_tbdapp.bean.User)
2018-09-11 09:19:04.662  INFO home-PC --- [           main] s.w.s.m.m.a.RequestMappingHandlerMapping : Mapped "{[/UserApp/removeAddress],methods=[GET]}" onto public org.json.simple.JSONObject com.dm_02_tbdapp.controller.UserAppController.removeAddress(com.dm_02_tbdapp.bean.User)
2018-09-11 09:19:04.663  INFO home-PC --- [           main] s.w.s.m.m.a.RequestMappingHandlerMapping : Mapped "{[/UserApp/showImage],methods=[GET],produces=[image/jpeg]}" onto public byte[] com.dm_02_tbdapp.controller.UserAppController.displayImg(int) throws java.io.IOException
2018-09-11 09:19:04.663  INFO home-PC --- [           main] s.w.s.m.m.a.RequestMappingHandlerMapping : Mapped "{[/UserApp/showImageNew]}" onto public void com.dm_02_tbdapp.controller.UserAppController.photo(javax.servlet.http.HttpServletResponse,int) throws java.io.IOException
2018-09-11 09:19:04.663  INFO home-PC --- [           main] s.w.s.m.m.a.RequestMappingHandlerMapping : Mapped "{[/UserApp/insertIntoProduct_Table],methods=[POST]}" onto public org.json.simple.JSONObject com.dm_02_tbdapp.controller.UserAppController.insertIntoProduct_Table(org.json.simple.JSONObject)
2018-09-11 09:19:04.668  INFO home-PC --- [           main] s.w.s.m.m.a.RequestMappingHandlerMapping : Mapped "{[/error]}" onto public org.springframework.http.ResponseEntity<java.util.Map<java.lang.String, java.lang.Object>> org.springframework.boot.autoconfigure.web.servlet.error.BasicErrorController.error(javax.servlet.http.HttpServletRequest)
2018-09-11 09:19:04.668  INFO home-PC --- [           main] s.w.s.m.m.a.RequestMappingHandlerMapping : Mapped "{[/error],produces=[text/html]}" onto public org.springframework.web.servlet.ModelAndView org.springframework.boot.autoconfigure.web.servlet.error.BasicErrorController.errorHtml(javax.servlet.http.HttpServletRequest,javax.servlet.http.HttpServletResponse)
2018-09-11 09:19:04.700  INFO home-PC --- [           main] o.s.w.s.h.SimpleUrlHandlerMapping        : Mapped URL path [/webjars/**] onto handler of type [class org.springframework.web.servlet.resource.ResourceHttpRequestHandler]
2018-09-11 09:19:04.701  INFO home-PC --- [           main] o.s.w.s.h.SimpleUrlHandlerMapping        : Mapped URL path [/**] onto handler of type [class org.springframework.web.servlet.resource.ResourceHttpRequestHandler]
2018-09-11 09:19:05.120  INFO home-PC --- [           main] o.s.j.e.a.AnnotationMBeanExporter        : Registering beans for JMX exposure on startup
2018-09-11 09:19:05.122  INFO home-PC --- [           main] o.s.j.e.a.AnnotationMBeanExporter        : Bean with name 'dataSource' has been autodetected for JMX exposure
2018-09-11 09:19:05.128  INFO home-PC --- [           main] o.s.j.e.a.AnnotationMBeanExporter        : Located MBean 'dataSource': registering with JMX server as MBean [com.zaxxer.hikari:name=dataSource,type=HikariDataSource]
2018-09-11 09:19:05.145  INFO home-PC --- [           main] o.a.c.h.Http11NioProtocol                : Starting ProtocolHandler ["http-nio-8080"]
2018-09-11 09:19:05.261  INFO home-PC --- [           main] o.a.t.u.n.NioSelectorPool                : Using a shared selector for servlet write/read
2018-09-11 09:19:05.322  INFO home-PC --- [           main] o.s.b.w.e.t.TomcatWebServer              : Tomcat started on port(s): 8080 (http) with context path ''
2018-09-11 09:19:05.330  INFO home-PC --- [           main] c.d.c.App                                : Started App in 9.043 seconds (JVM running for 14.93)
2018-09-11 10:17:09.168  INFO home-PC --- [nio-8080-exec-1] o.a.c.c.C.[.[.[/]                        : Initializing Spring FrameworkServlet 'dispatcherServlet'
2018-09-11 10:17:09.168  INFO home-PC --- [nio-8080-exec-1] o.s.w.s.DispatcherServlet                : FrameworkServlet 'dispatcherServlet': initialization started
2018-09-11 10:17:09.197  INFO home-PC --- [nio-8080-exec-1] o.s.w.s.DispatcherServlet                : FrameworkServlet 'dispatcherServlet': initialization completed in 29 ms
2018-09-11 10:17:09.252  INFO home-PC --- [nio-8080-exec-1] c.z.h.HikariDataSource                   : HikariPool-1 - Starting...
2018-09-11 10:17:10.742  INFO home-PC --- [nio-8080-exec-1] c.z.h.HikariDataSource                   : HikariPool-1 - Start completed.
2018-09-11 10:36:15.113  INFO home-PC --- [on(2)-127.0.0.1] inMXBeanRegistrar$SpringApplicationAdmin : Application shutdown requested.
2018-09-11 10:36:15.114  INFO home-PC --- [on(2)-127.0.0.1] ConfigServletWebServerApplicationContext : Closing org.springframework.boot.web.servlet.context.AnnotationConfigServletWebServerApplicationContext@6e1d8f9e: startup date [Tue Sep 11 09:18:58 IST 2018]; root of context hierarchy
2018-09-11 10:36:15.117  INFO home-PC --- [on(2)-127.0.0.1] o.s.j.e.a.AnnotationMBeanExporter        : Unregistering JMX-exposed beans on shutdown
2018-09-11 10:36:15.118  INFO home-PC --- [on(2)-127.0.0.1] o.s.j.e.a.AnnotationMBeanExporter        : Unregistering JMX-exposed beans
2018-09-11 10:36:15.119  INFO home-PC --- [on(2)-127.0.0.1] c.z.h.HikariDataSource                   : HikariPool-1 - Shutdown initiated...
2018-09-11 10:36:15.174  INFO home-PC --- [on(2)-127.0.0.1] c.z.h.HikariDataSource                   : HikariPool-1 - Shutdown completed.
2018-09-11 10:36:41.764  INFO home-PC --- [           main] c.d.c.App                                : Starting App on home-PC with PID 4160 (C:\Users\shashi\Desktop\UserApp\UserApp\target\classes started by shashi in C:\Users\shashi\Desktop\UserApp\UserApp)
2018-09-11 10:36:41.771  INFO home-PC --- [           main] c.d.c.App                                : No active profile set, falling back to default profiles: default
2018-09-11 10:36:41.838  INFO home-PC --- [           main] ConfigServletWebServerApplicationContext : Refreshing org.springframework.boot.web.servlet.context.AnnotationConfigServletWebServerApplicationContext@75e01201: startup date [Tue Sep 11 10:36:41 IST 2018]; root of context hierarchy
2018-09-11 10:36:43.507  INFO home-PC --- [           main] o.s.b.w.e.t.TomcatWebServer              : Tomcat initialized with port(s): 8080 (http)
2018-09-11 10:36:43.532  INFO home-PC --- [           main] o.a.c.h.Http11NioProtocol                : Initializing ProtocolHandler ["http-nio-8080"]
2018-09-11 10:36:43.545  INFO home-PC --- [           main] o.a.c.c.StandardService                  : Starting service [Tomcat]
2018-09-11 10:36:43.546  INFO home-PC --- [           main] o.a.c.c.StandardEngine                   : Starting Servlet Engine: Apache Tomcat/8.5.31
2018-09-11 10:36:43.554  INFO home-PC --- [ost-startStop-1] o.a.c.c.AprLifecycleListener             : The APR based Apache Tomcat Native library which allows optimal performance in production environments was not found on the java.library.path: [C:\Program Files\Java\jdk-10\bin;C:\Windows\Sun\Java\bin;C:\Windows\system32;C:\Windows;C:\ProgramData\Oracle\Java\javapath;C:\Windows\system32;C:\Windows;C:\Windows\System32\Wbem;C:\Windows\System32\WindowsPowerShell\v1.0\;C:\Program Files\Git\cmd;C:\Program Files\Java\jdk-10\bin;C:\Program Files\Java\jdk-10\bin;C:\Program Files\Java\jdk-10\bin;.]
2018-09-11 10:36:43.676  INFO home-PC --- [ost-startStop-1] o.a.c.c.C.[.[.[/]                        : Initializing Spring embedded WebApplicationContext
2018-09-11 10:36:43.677  INFO home-PC --- [ost-startStop-1] o.s.w.c.ContextLoader                    : Root WebApplicationContext: initialization completed in 1848 ms
2018-09-11 10:36:43.841  INFO home-PC --- [ost-startStop-1] o.s.b.w.s.ServletRegistrationBean        : Servlet dispatcherServlet mapped to [/]
2018-09-11 10:36:43.847  INFO home-PC --- [ost-startStop-1] o.s.b.w.s.FilterRegistrationBean         : Mapping filter: 'characterEncodingFilter' to: [/*]
2018-09-11 10:36:43.848  INFO home-PC --- [ost-startStop-1] o.s.b.w.s.FilterRegistrationBean         : Mapping filter: 'hiddenHttpMethodFilter' to: [/*]
2018-09-11 10:36:43.848  INFO home-PC --- [ost-startStop-1] o.s.b.w.s.FilterRegistrationBean         : Mapping filter: 'httpPutFormContentFilter' to: [/*]
2018-09-11 10:36:43.848  INFO home-PC --- [ost-startStop-1] o.s.b.w.s.FilterRegistrationBean         : Mapping filter: 'requestContextFilter' to: [/*]
2018-09-11 10:36:44.249  INFO home-PC --- [           main] o.s.w.s.h.SimpleUrlHandlerMapping        : Mapped URL path [/**/favicon.ico] onto handler of type [class org.springframework.web.servlet.resource.ResourceHttpRequestHandler]
2018-09-11 10:36:44.550  INFO home-PC --- [           main] s.w.s.m.m.a.RequestMappingHandlerAdapter : Looking for @ControllerAdvice: org.springframework.boot.web.servlet.context.AnnotationConfigServletWebServerApplicationContext@75e01201: startup date [Tue Sep 11 10:36:41 IST 2018]; root of context hierarchy
2018-09-11 10:36:44.647  INFO home-PC --- [           main] s.w.s.m.m.a.RequestMappingHandlerMapping : Mapped "{[/UserApp/filter]}" onto public org.json.simple.JSONObject com.dm_02_tbdapp.controller.UserAppController.filter(int,int,java.lang.String)
2018-09-11 10:36:44.648  INFO home-PC --- [           main] s.w.s.m.m.a.RequestMappingHandlerMapping : Mapped "{[/UserApp/Test],methods=[POST]}" onto public java.lang.String com.dm_02_tbdapp.controller.UserAppController.test(org.json.simple.JSONObject)
2018-09-11 10:36:44.649  INFO home-PC --- [           main] s.w.s.m.m.a.RequestMappingHandlerMapping : Mapped "{[/UserApp/catalog],methods=[GET]}" onto public org.json.simple.JSONObject com.dm_02_tbdapp.controller.UserAppController.catalog()
2018-09-11 10:36:44.650  INFO home-PC --- [           main] s.w.s.m.m.a.RequestMappingHandlerMapping : Mapped "{[/UserApp/product],methods=[GET]}" onto public org.json.simple.JSONObject com.dm_02_tbdapp.controller.UserAppController.product()
2018-09-11 10:36:44.650  INFO home-PC --- [           main] s.w.s.m.m.a.RequestMappingHandlerMapping : Mapped "{[/UserApp/insertImage],methods=[GET]}" onto public java.lang.String com.dm_02_tbdapp.controller.UserAppController.image(java.lang.String)
2018-09-11 10:36:44.651  INFO home-PC --- [           main] s.w.s.m.m.a.RequestMappingHandlerMapping : Mapped "{[/UserApp/insertIntoProduct_Table],methods=[POST]}" onto public org.json.simple.JSONObject com.dm_02_tbdapp.controller.UserAppController.insertIntoProduct_Table(org.json.simple.JSONObject)
2018-09-11 10:36:44.652  INFO home-PC --- [           main] s.w.s.m.m.a.RequestMappingHandlerMapping : Mapped "{[/UserApp/user],methods=[GET],produces=[application/json || application/xml]}" onto public com.dm_02_tbdapp.bean.UserProfile com.dm_02_tbdapp.controller.UserAppController.setUserProfile(java.lang.String)
2018-09-11 10:36:44.653  INFO home-PC --- [           main] s.w.s.m.m.a.RequestMappingHandlerMapping : Mapped "{[/UserApp/login],methods=[POST]}" onto public org.json.simple.JSONObject com.dm_02_tbdapp.controller.UserAppController.loginUser(org.json.simple.JSONObject)
2018-09-11 10:36:44.654  INFO home-PC --- [           main] s.w.s.m.m.a.RequestMappingHandlerMapping : Mapped "{[/UserApp/RegisterUser],methods=[POST]}" onto public org.json.simple.JSONObject com.dm_02_tbdapp.controller.UserAppController.newUser(org.json.simple.JSONObject)
2018-09-11 10:36:44.654  INFO home-PC --- [           main] s.w.s.m.m.a.RequestMappingHandlerMapping : Mapped "{[/UserApp/logout],methods=[GET]}" onto public org.json.simple.JSONObject com.dm_02_tbdapp.controller.UserAppController.logoutUser()
2018-09-11 10:36:44.654  INFO home-PC --- [           main] s.w.s.m.m.a.RequestMappingHandlerMapping : Mapped "{[/UserApp/registerUser],methods=[GET]}" onto public org.json.simple.JSONObject com.dm_02_tbdapp.controller.UserAppController.registerUser(com.dm_02_tbdapp.bean.User)
2018-09-11 10:36:44.655  INFO home-PC --- [           main] s.w.s.m.m.a.RequestMappingHandlerMapping : Mapped "{[/UserApp/updateUser],methods=[GET]}" onto public org.json.simple.JSONObject com.dm_02_tbdapp.controller.UserAppController.updateUser(com.dm_02_tbdapp.bean.User)
2018-09-11 10:36:44.655  INFO home-PC --- [           main] s.w.s.m.m.a.RequestMappingHandlerMapping : Mapped "{[/UserApp/updateUserAddress],methods=[GET]}" onto public org.json.simple.JSONObject com.dm_02_tbdapp.controller.UserAppController.updateAddress(com.dm_02_tbdapp.bean.User)
2018-09-11 10:36:44.656  INFO home-PC --- [           main] s.w.s.m.m.a.RequestMappingHandlerMapping : Mapped "{[/UserApp/addAddress],methods=[GET]}" onto public org.json.simple.JSONObject com.dm_02_tbdapp.controller.UserAppController.addAddress(com.dm_02_tbdapp.bean.User)
2018-09-11 10:36:44.656  INFO home-PC --- [           main] s.w.s.m.m.a.RequestMappingHandlerMapping : Mapped "{[/UserApp/removeAddress],methods=[GET]}" onto public org.json.simple.JSONObject com.dm_02_tbdapp.controller.UserAppController.removeAddress(com.dm_02_tbdapp.bean.User)
2018-09-11 10:36:44.656  INFO home-PC --- [           main] s.w.s.m.m.a.RequestMappingHandlerMapping : Mapped "{[/UserApp/showImage],methods=[GET],produces=[image/jpeg]}" onto public byte[] com.dm_02_tbdapp.controller.UserAppController.displayImg(int) throws java.io.IOException
2018-09-11 10:36:44.657  INFO home-PC --- [           main] s.w.s.m.m.a.RequestMappingHandlerMapping : Mapped "{[/UserApp/showImageNew]}" onto public void com.dm_02_tbdapp.controller.UserAppController.photo(javax.servlet.http.HttpServletResponse,int) throws java.io.IOException
2018-09-11 10:36:44.662  INFO home-PC --- [           main] s.w.s.m.m.a.RequestMappingHandlerMapping : Mapped "{[/error]}" onto public org.springframework.http.ResponseEntity<java.util.Map<java.lang.String, java.lang.Object>> org.springframework.boot.autoconfigure.web.servlet.error.BasicErrorController.error(javax.servlet.http.HttpServletRequest)
2018-09-11 10:36:44.663  INFO home-PC --- [           main] s.w.s.m.m.a.RequestMappingHandlerMapping : Mapped "{[/error],produces=[text/html]}" onto public org.springframework.web.servlet.ModelAndView org.springframework.boot.autoconfigure.web.servlet.error.BasicErrorController.errorHtml(javax.servlet.http.HttpServletRequest,javax.servlet.http.HttpServletResponse)
2018-09-11 10:36:44.714  INFO home-PC --- [           main] o.s.w.s.h.SimpleUrlHandlerMapping        : Mapped URL path [/webjars/**] onto handler of type [class org.springframework.web.servlet.resource.ResourceHttpRequestHandler]
2018-09-11 10:36:44.714  INFO home-PC --- [           main] o.s.w.s.h.SimpleUrlHandlerMapping        : Mapped URL path [/**] onto handler of type [class org.springframework.web.servlet.resource.ResourceHttpRequestHandler]
2018-09-11 10:36:45.117  INFO home-PC --- [           main] o.s.j.e.a.AnnotationMBeanExporter        : Registering beans for JMX exposure on startup
2018-09-11 10:36:45.120  INFO home-PC --- [           main] o.s.j.e.a.AnnotationMBeanExporter        : Bean with name 'dataSource' has been autodetected for JMX exposure
2018-09-11 10:36:45.126  INFO home-PC --- [           main] o.s.j.e.a.AnnotationMBeanExporter        : Located MBean 'dataSource': registering with JMX server as MBean [com.zaxxer.hikari:name=dataSource,type=HikariDataSource]
2018-09-11 10:36:45.142  INFO home-PC --- [           main] o.a.c.h.Http11NioProtocol                : Starting ProtocolHandler ["http-nio-8080"]
2018-09-11 10:36:45.155  INFO home-PC --- [           main] o.a.t.u.n.NioSelectorPool                : Using a shared selector for servlet write/read
2018-09-11 10:36:45.172  INFO home-PC --- [           main] o.s.b.w.e.t.TomcatWebServer              : Tomcat started on port(s): 8080 (http) with context path ''
2018-09-11 10:36:45.177  INFO home-PC --- [           main] c.d.c.App                                : Started App in 3.835 seconds (JVM running for 5.884)
2018-09-11 12:15:44.082  INFO home-PC --- [on(2)-127.0.0.1] inMXBeanRegistrar$SpringApplicationAdmin : Application shutdown requested.
2018-09-11 12:15:44.083  INFO home-PC --- [on(2)-127.0.0.1] ConfigServletWebServerApplicationContext : Closing org.springframework.boot.web.servlet.context.AnnotationConfigServletWebServerApplicationContext@75e01201: startup date [Tue Sep 11 10:36:41 IST 2018]; root of context hierarchy
2018-09-11 12:15:44.086  INFO home-PC --- [on(2)-127.0.0.1] o.s.j.e.a.AnnotationMBeanExporter        : Unregistering JMX-exposed beans on shutdown
2018-09-11 12:15:44.086  INFO home-PC --- [on(2)-127.0.0.1] o.s.j.e.a.AnnotationMBeanExporter        : Unregistering JMX-exposed beans
2018-09-11 12:16:01.030  INFO home-PC --- [kground-preinit] o.h.v.i.u.Version                        : HV000001: Hibernate Validator 6.0.10.Final
2018-09-11 12:16:01.181  INFO home-PC --- [           main] c.d.c.App                                : Starting App on home-PC with PID 2476 (C:\Users\shashi\Desktop\UserApp\UserApp\target\classes started by shashi in C:\Users\shashi\Desktop\UserApp\UserApp)
2018-09-11 12:16:01.185  INFO home-PC --- [           main] c.d.c.App                                : No active profile set, falling back to default profiles: default
2018-09-11 12:16:01.244  INFO home-PC --- [           main] ConfigServletWebServerApplicationContext : Refreshing org.springframework.boot.web.servlet.context.AnnotationConfigServletWebServerApplicationContext@3234f74e: startup date [Tue Sep 11 12:16:01 IST 2018]; root of context hierarchy
2018-09-11 12:16:03.054  INFO home-PC --- [           main] o.s.b.w.e.t.TomcatWebServer              : Tomcat initialized with port(s): 8080 (http)
2018-09-11 12:16:03.094  INFO home-PC --- [           main] o.a.c.h.Http11NioProtocol                : Initializing ProtocolHandler ["http-nio-8080"]
2018-09-11 12:16:03.110  INFO home-PC --- [           main] o.a.c.c.StandardService                  : Starting service [Tomcat]
2018-09-11 12:16:03.111  INFO home-PC --- [           main] o.a.c.c.StandardEngine                   : Starting Servlet Engine: Apache Tomcat/8.5.31
2018-09-11 12:16:03.117  INFO home-PC --- [ost-startStop-1] o.a.c.c.AprLifecycleListener             : The APR based Apache Tomcat Native library which allows optimal performance in production environments was not found on the java.library.path: [C:\Program Files\Java\jdk-10\bin;C:\Windows\Sun\Java\bin;C:\Windows\system32;C:\Windows;C:\ProgramData\Oracle\Java\javapath;C:\Windows\system32;C:\Windows;C:\Windows\System32\Wbem;C:\Windows\System32\WindowsPowerShell\v1.0\;C:\Program Files\Git\cmd;C:\Program Files\Java\jdk-10\bin;C:\Program Files\Java\jdk-10\bin;C:\Program Files\Java\jdk-10\bin;.]
2018-09-11 12:16:03.230  INFO home-PC --- [ost-startStop-1] o.a.c.c.C.[.[.[/]                        : Initializing Spring embedded WebApplicationContext
2018-09-11 12:16:03.231  INFO home-PC --- [ost-startStop-1] o.s.w.c.ContextLoader                    : Root WebApplicationContext: initialization completed in 1992 ms
2018-09-11 12:16:03.385  INFO home-PC --- [ost-startStop-1] o.s.b.w.s.ServletRegistrationBean        : Servlet dispatcherServlet mapped to [/]
2018-09-11 12:16:03.391  INFO home-PC --- [ost-startStop-1] o.s.b.w.s.FilterRegistrationBean         : Mapping filter: 'characterEncodingFilter' to: [/*]
2018-09-11 12:16:03.391  INFO home-PC --- [ost-startStop-1] o.s.b.w.s.FilterRegistrationBean         : Mapping filter: 'hiddenHttpMethodFilter' to: [/*]
2018-09-11 12:16:03.391  INFO home-PC --- [ost-startStop-1] o.s.b.w.s.FilterRegistrationBean         : Mapping filter: 'httpPutFormContentFilter' to: [/*]
2018-09-11 12:16:03.392  INFO home-PC --- [ost-startStop-1] o.s.b.w.s.FilterRegistrationBean         : Mapping filter: 'requestContextFilter' to: [/*]
2018-09-11 12:16:03.760  INFO home-PC --- [           main] o.s.w.s.h.SimpleUrlHandlerMapping        : Mapped URL path [/**/favicon.ico] onto handler of type [class org.springframework.web.servlet.resource.ResourceHttpRequestHandler]
2018-09-11 12:16:04.007  INFO home-PC --- [           main] s.w.s.m.m.a.RequestMappingHandlerAdapter : Looking for @ControllerAdvice: org.springframework.boot.web.servlet.context.AnnotationConfigServletWebServerApplicationContext@3234f74e: startup date [Tue Sep 11 12:16:01 IST 2018]; root of context hierarchy
2018-09-11 12:16:04.067  INFO home-PC --- [           main] s.w.s.m.m.a.RequestMappingHandlerMapping : Mapped "{[/UserApp/filter]}" onto public org.json.simple.JSONObject com.dm_02_tbdapp.controller.UserAppController.filter(int,int,java.lang.String)
2018-09-11 12:16:04.068  INFO home-PC --- [           main] s.w.s.m.m.a.RequestMappingHandlerMapping : Mapped "{[/UserApp/Test],methods=[POST]}" onto public java.lang.String com.dm_02_tbdapp.controller.UserAppController.test(org.json.simple.JSONObject)
2018-09-11 12:16:04.069  INFO home-PC --- [           main] s.w.s.m.m.a.RequestMappingHandlerMapping : Mapped "{[/UserApp/catalog],methods=[GET]}" onto public org.json.simple.JSONObject com.dm_02_tbdapp.controller.UserAppController.catalog()
2018-09-11 12:16:04.069  INFO home-PC --- [           main] s.w.s.m.m.a.RequestMappingHandlerMapping : Mapped "{[/UserApp/product],methods=[GET]}" onto public org.json.simple.JSONObject com.dm_02_tbdapp.controller.UserAppController.product()
2018-09-11 12:16:04.069  INFO home-PC --- [           main] s.w.s.m.m.a.RequestMappingHandlerMapping : Mapped "{[/UserApp/insertImage],methods=[GET]}" onto public java.lang.String com.dm_02_tbdapp.controller.UserAppController.image(java.lang.String)
2018-09-11 12:16:04.070  INFO home-PC --- [           main] s.w.s.m.m.a.RequestMappingHandlerMapping : Mapped "{[/UserApp/user],methods=[GET],produces=[application/json || application/xml]}" onto public com.dm_02_tbdapp.bean.UserProfile com.dm_02_tbdapp.controller.UserAppController.setUserProfile(java.lang.String)
2018-09-11 12:16:04.070  INFO home-PC --- [           main] s.w.s.m.m.a.RequestMappingHandlerMapping : Mapped "{[/UserApp/login],methods=[POST]}" onto public org.json.simple.JSONObject com.dm_02_tbdapp.controller.UserAppController.loginUser(org.json.simple.JSONObject)
2018-09-11 12:16:04.071  INFO home-PC --- [           main] s.w.s.m.m.a.RequestMappingHandlerMapping : Mapped "{[/UserApp/RegisterUser],methods=[POST]}" onto public org.json.simple.JSONObject com.dm_02_tbdapp.controller.UserAppController.newUser(org.json.simple.JSONObject)
2018-09-11 12:16:04.071  INFO home-PC --- [           main] s.w.s.m.m.a.RequestMappingHandlerMapping : Mapped "{[/UserApp/logout],methods=[GET]}" onto public org.json.simple.JSONObject com.dm_02_tbdapp.controller.UserAppController.logoutUser()
2018-09-11 12:16:04.071  INFO home-PC --- [           main] s.w.s.m.m.a.RequestMappingHandlerMapping : Mapped "{[/UserApp/registerUser],methods=[GET]}" onto public org.json.simple.JSONObject com.dm_02_tbdapp.controller.UserAppController.registerUser(com.dm_02_tbdapp.bean.User)
2018-09-11 12:16:04.072  INFO home-PC --- [           main] s.w.s.m.m.a.RequestMappingHandlerMapping : Mapped "{[/UserApp/updateUser],methods=[GET]}" onto public org.json.simple.JSONObject com.dm_02_tbdapp.controller.UserAppController.updateUser(com.dm_02_tbdapp.bean.User)
2018-09-11 12:16:04.072  INFO home-PC --- [           main] s.w.s.m.m.a.RequestMappingHandlerMapping : Mapped "{[/UserApp/updateUserAddress],methods=[GET]}" onto public org.json.simple.JSONObject com.dm_02_tbdapp.controller.UserAppController.updateAddress(com.dm_02_tbdapp.bean.User)
2018-09-11 12:16:04.072  INFO home-PC --- [           main] s.w.s.m.m.a.RequestMappingHandlerMapping : Mapped "{[/UserApp/addAddress],methods=[GET]}" onto public org.json.simple.JSONObject com.dm_02_tbdapp.controller.UserAppController.addAddress(com.dm_02_tbdapp.bean.User)
2018-09-11 12:16:04.073  INFO home-PC --- [           main] s.w.s.m.m.a.RequestMappingHandlerMapping : Mapped "{[/UserApp/removeAddress],methods=[GET]}" onto public org.json.simple.JSONObject com.dm_02_tbdapp.controller.UserAppController.removeAddress(com.dm_02_tbdapp.bean.User)
2018-09-11 12:16:04.073  INFO home-PC --- [           main] s.w.s.m.m.a.RequestMappingHandlerMapping : Mapped "{[/UserApp/insertIntoProduct_Table],methods=[POST]}" onto public org.json.simple.JSONObject com.dm_02_tbdapp.controller.UserAppController.insertIntoProduct_Table(org.json.simple.JSONObject)
2018-09-11 12:16:04.073  INFO home-PC --- [           main] s.w.s.m.m.a.RequestMappingHandlerMapping : Mapped "{[/UserApp/showImage],methods=[GET],produces=[image/jpeg]}" onto public byte[] com.dm_02_tbdapp.controller.UserAppController.displayImg(int) throws java.io.IOException
2018-09-11 12:16:04.074  INFO home-PC --- [           main] s.w.s.m.m.a.RequestMappingHandlerMapping : Mapped "{[/UserApp/showImageNew]}" onto public void com.dm_02_tbdapp.controller.UserAppController.photo(javax.servlet.http.HttpServletResponse,int) throws java.io.IOException
2018-09-11 12:16:04.078  INFO home-PC --- [           main] s.w.s.m.m.a.RequestMappingHandlerMapping : Mapped "{[/error]}" onto public org.springframework.http.ResponseEntity<java.util.Map<java.lang.String, java.lang.Object>> org.springframework.boot.autoconfigure.web.servlet.error.BasicErrorController.error(javax.servlet.http.HttpServletRequest)
2018-09-11 12:16:04.079  INFO home-PC --- [           main] s.w.s.m.m.a.RequestMappingHandlerMapping : Mapped "{[/error],produces=[text/html]}" onto public org.springframework.web.servlet.ModelAndView org.springframework.boot.autoconfigure.web.servlet.error.BasicErrorController.errorHtml(javax.servlet.http.HttpServletRequest,javax.servlet.http.HttpServletResponse)
2018-09-11 12:16:04.109  INFO home-PC --- [           main] o.s.w.s.h.SimpleUrlHandlerMapping        : Mapped URL path [/webjars/**] onto handler of type [class org.springframework.web.servlet.resource.ResourceHttpRequestHandler]
2018-09-11 12:16:04.111  INFO home-PC --- [           main] o.s.w.s.h.SimpleUrlHandlerMapping        : Mapped URL path [/**] onto handler of type [class org.springframework.web.servlet.resource.ResourceHttpRequestHandler]
2018-09-11 12:16:04.402  INFO home-PC --- [           main] o.s.j.e.a.AnnotationMBeanExporter        : Registering beans for JMX exposure on startup
2018-09-11 12:16:04.405  INFO home-PC --- [           main] o.s.j.e.a.AnnotationMBeanExporter        : Bean with name 'dataSource' has been autodetected for JMX exposure
2018-09-11 12:16:04.411  INFO home-PC --- [           main] o.s.j.e.a.AnnotationMBeanExporter        : Located MBean 'dataSource': registering with JMX server as MBean [com.zaxxer.hikari:name=dataSource,type=HikariDataSource]
2018-09-11 12:16:04.425  INFO home-PC --- [           main] o.a.c.h.Http11NioProtocol                : Starting ProtocolHandler ["http-nio-8080"]
2018-09-11 12:16:04.436  INFO home-PC --- [           main] o.a.t.u.n.NioSelectorPool                : Using a shared selector for servlet write/read
2018-09-11 12:16:04.453  INFO home-PC --- [           main] o.s.b.w.e.t.TomcatWebServer              : Tomcat started on port(s): 8080 (http) with context path ''
2018-09-11 12:16:04.459  INFO home-PC --- [           main] c.d.c.App                                : Started App in 3.671 seconds (JVM running for 5.664)
2018-09-11 17:28:03.011  INFO home-PC --- [on(2)-127.0.0.1] inMXBeanRegistrar$SpringApplicationAdmin : Application shutdown requested.
2018-09-11 17:28:03.012  INFO home-PC --- [on(2)-127.0.0.1] ConfigServletWebServerApplicationContext : Closing org.springframework.boot.web.servlet.context.AnnotationConfigServletWebServerApplicationContext@3234f74e: startup date [Tue Sep 11 12:16:01 IST 2018]; root of context hierarchy
2018-09-11 17:28:03.015  INFO home-PC --- [on(2)-127.0.0.1] o.s.j.e.a.AnnotationMBeanExporter        : Unregistering JMX-exposed beans on shutdown
2018-09-11 17:28:03.016  INFO home-PC --- [on(2)-127.0.0.1] o.s.j.e.a.AnnotationMBeanExporter        : Unregistering JMX-exposed beans
2018-09-11 17:28:18.405  INFO home-PC --- [           main] c.d.c.App                                : Starting App on home-PC with PID 3428 (C:\Users\shashi\Desktop\UserApp\UserApp\target\classes started by shashi in C:\Users\shashi\Desktop\UserApp\UserApp)
2018-09-11 17:28:18.412  INFO home-PC --- [           main] c.d.c.App                                : No active profile set, falling back to default profiles: default
2018-09-11 17:28:18.471  INFO home-PC --- [           main] ConfigServletWebServerApplicationContext : Refreshing org.springframework.boot.web.servlet.context.AnnotationConfigServletWebServerApplicationContext@7d3430a7: startup date [Tue Sep 11 17:28:18 IST 2018]; root of context hierarchy
2018-09-11 17:28:19.890  INFO home-PC --- [           main] o.s.b.w.e.t.TomcatWebServer              : Tomcat initialized with port(s): 8080 (http)
2018-09-11 17:28:19.917  INFO home-PC --- [           main] o.a.c.h.Http11NioProtocol                : Initializing ProtocolHandler ["http-nio-8080"]
2018-09-11 17:28:19.930  INFO home-PC --- [           main] o.a.c.c.StandardService                  : Starting service [Tomcat]
2018-09-11 17:28:19.931  INFO home-PC --- [           main] o.a.c.c.StandardEngine                   : Starting Servlet Engine: Apache Tomcat/8.5.31
2018-09-11 17:28:19.937  INFO home-PC --- [ost-startStop-1] o.a.c.c.AprLifecycleListener             : The APR based Apache Tomcat Native library which allows optimal performance in production environments was not found on the java.library.path: [C:\Program Files\Java\jdk-10\bin;C:\Windows\Sun\Java\bin;C:\Windows\system32;C:\Windows;C:\ProgramData\Oracle\Java\javapath;C:\Windows\system32;C:\Windows;C:\Windows\System32\Wbem;C:\Windows\System32\WindowsPowerShell\v1.0\;C:\Program Files\Git\cmd;C:\Program Files\Java\jdk-10\bin;C:\Program Files\Java\jdk-10\bin;C:\Program Files\Java\jdk-10\bin;.]
2018-09-11 17:28:20.039  INFO home-PC --- [ost-startStop-1] o.a.c.c.C.[.[.[/]                        : Initializing Spring embedded WebApplicationContext
2018-09-11 17:28:20.040  INFO home-PC --- [ost-startStop-1] o.s.w.c.ContextLoader                    : Root WebApplicationContext: initialization completed in 1575 ms
2018-09-11 17:28:20.187  INFO home-PC --- [ost-startStop-1] o.s.b.w.s.ServletRegistrationBean        : Servlet dispatcherServlet mapped to [/]
2018-09-11 17:28:20.192  INFO home-PC --- [ost-startStop-1] o.s.b.w.s.FilterRegistrationBean         : Mapping filter: 'characterEncodingFilter' to: [/*]
2018-09-11 17:28:20.193  INFO home-PC --- [ost-startStop-1] o.s.b.w.s.FilterRegistrationBean         : Mapping filter: 'hiddenHttpMethodFilter' to: [/*]
2018-09-11 17:28:20.193  INFO home-PC --- [ost-startStop-1] o.s.b.w.s.FilterRegistrationBean         : Mapping filter: 'httpPutFormContentFilter' to: [/*]
2018-09-11 17:28:20.193  INFO home-PC --- [ost-startStop-1] o.s.b.w.s.FilterRegistrationBean         : Mapping filter: 'requestContextFilter' to: [/*]
2018-09-11 17:28:20.500  INFO home-PC --- [           main] o.s.w.s.h.SimpleUrlHandlerMapping        : Mapped URL path [/**/favicon.ico] onto handler of type [class org.springframework.web.servlet.resource.ResourceHttpRequestHandler]
2018-09-11 17:28:20.740  INFO home-PC --- [           main] s.w.s.m.m.a.RequestMappingHandlerAdapter : Looking for @ControllerAdvice: org.springframework.boot.web.servlet.context.AnnotationConfigServletWebServerApplicationContext@7d3430a7: startup date [Tue Sep 11 17:28:18 IST 2018]; root of context hierarchy
2018-09-11 17:28:20.802  INFO home-PC --- [           main] s.w.s.m.m.a.RequestMappingHandlerMapping : Mapped "{[/UserApp/filter]}" onto public org.json.simple.JSONObject com.dm_02_tbdapp.controller.UserAppController.filter(int,int,java.lang.String)
2018-09-11 17:28:20.803  INFO home-PC --- [           main] s.w.s.m.m.a.RequestMappingHandlerMapping : Mapped "{[/UserApp/Test],methods=[POST]}" onto public java.lang.String com.dm_02_tbdapp.controller.UserAppController.test(org.json.simple.JSONObject)
2018-09-11 17:28:20.805  INFO home-PC --- [           main] s.w.s.m.m.a.RequestMappingHandlerMapping : Mapped "{[/UserApp/catalog],methods=[GET]}" onto public org.json.simple.JSONObject com.dm_02_tbdapp.controller.UserAppController.catalog()
2018-09-11 17:28:20.806  INFO home-PC --- [           main] s.w.s.m.m.a.RequestMappingHandlerMapping : Mapped "{[/UserApp/product],methods=[GET]}" onto public org.json.simple.JSONObject com.dm_02_tbdapp.controller.UserAppController.product()
2018-09-11 17:28:20.806  INFO home-PC --- [           main] s.w.s.m.m.a.RequestMappingHandlerMapping : Mapped "{[/UserApp/insertImage],methods=[GET]}" onto public java.lang.String com.dm_02_tbdapp.controller.UserAppController.image(java.lang.String)
2018-09-11 17:28:20.807  INFO home-PC --- [           main] s.w.s.m.m.a.RequestMappingHandlerMapping : Mapped "{[/UserApp/user],methods=[GET],produces=[application/json || application/xml]}" onto public com.dm_02_tbdapp.bean.UserProfile com.dm_02_tbdapp.controller.UserAppController.setUserProfile(java.lang.String)
2018-09-11 17:28:20.807  INFO home-PC --- [           main] s.w.s.m.m.a.RequestMappingHandlerMapping : Mapped "{[/UserApp/login],methods=[POST]}" onto public org.json.simple.JSONObject com.dm_02_tbdapp.controller.UserAppController.loginUser(org.json.simple.JSONObject)
2018-09-11 17:28:20.808  INFO home-PC --- [           main] s.w.s.m.m.a.RequestMappingHandlerMapping : Mapped "{[/UserApp/RegisterUser],methods=[POST]}" onto public org.json.simple.JSONObject com.dm_02_tbdapp.controller.UserAppController.newUser(org.json.simple.JSONObject)
2018-09-11 17:28:20.808  INFO home-PC --- [           main] s.w.s.m.m.a.RequestMappingHandlerMapping : Mapped "{[/UserApp/logout],methods=[GET]}" onto public org.json.simple.JSONObject com.dm_02_tbdapp.controller.UserAppController.logoutUser()
2018-09-11 17:28:20.809  INFO home-PC --- [           main] s.w.s.m.m.a.RequestMappingHandlerMapping : Mapped "{[/UserApp/registerUser],methods=[GET]}" onto public org.json.simple.JSONObject com.dm_02_tbdapp.controller.UserAppController.registerUser(com.dm_02_tbdapp.bean.User)
2018-09-11 17:28:20.809  INFO home-PC --- [           main] s.w.s.m.m.a.RequestMappingHandlerMapping : Mapped "{[/UserApp/updateUser],methods=[GET]}" onto public org.json.simple.JSONObject com.dm_02_tbdapp.controller.UserAppController.updateUser(com.dm_02_tbdapp.bean.User)
2018-09-11 17:28:20.809  INFO home-PC --- [           main] s.w.s.m.m.a.RequestMappingHandlerMapping : Mapped "{[/UserApp/updateUserAddress],methods=[GET]}" onto public org.json.simple.JSONObject com.dm_02_tbdapp.controller.UserAppController.updateAddress(com.dm_02_tbdapp.bean.User)
2018-09-11 17:28:20.810  INFO home-PC --- [           main] s.w.s.m.m.a.RequestMappingHandlerMapping : Mapped "{[/UserApp/addAddress],methods=[GET]}" onto public org.json.simple.JSONObject com.dm_02_tbdapp.controller.UserAppController.addAddress(com.dm_02_tbdapp.bean.User)
2018-09-11 17:28:20.810  INFO home-PC --- [           main] s.w.s.m.m.a.RequestMappingHandlerMapping : Mapped "{[/UserApp/removeAddress],methods=[GET]}" onto public org.json.simple.JSONObject com.dm_02_tbdapp.controller.UserAppController.removeAddress(com.dm_02_tbdapp.bean.User)
2018-09-11 17:28:20.811  INFO home-PC --- [           main] s.w.s.m.m.a.RequestMappingHandlerMapping : Mapped "{[/UserApp/showImage],methods=[GET],produces=[image/jpeg]}" onto public byte[] com.dm_02_tbdapp.controller.UserAppController.displayImg(int) throws java.io.IOException
2018-09-11 17:28:20.811  INFO home-PC --- [           main] s.w.s.m.m.a.RequestMappingHandlerMapping : Mapped "{[/UserApp/showImageNew]}" onto public void com.dm_02_tbdapp.controller.UserAppController.photo(javax.servlet.http.HttpServletResponse,int) throws java.io.IOException
2018-09-11 17:28:20.811  INFO home-PC --- [           main] s.w.s.m.m.a.RequestMappingHandlerMapping : Mapped "{[/UserApp/insertIntoProduct_Table],methods=[POST]}" onto public org.json.simple.JSONObject com.dm_02_tbdapp.controller.UserAppController.insertIntoProduct_Table(org.json.simple.JSONObject)
2018-09-11 17:28:20.816  INFO home-PC --- [           main] s.w.s.m.m.a.RequestMappingHandlerMapping : Mapped "{[/error]}" onto public org.springframework.http.ResponseEntity<java.util.Map<java.lang.String, java.lang.Object>> org.springframework.boot.autoconfigure.web.servlet.error.BasicErrorController.error(javax.servlet.http.HttpServletRequest)
2018-09-11 17:28:20.817  INFO home-PC --- [           main] s.w.s.m.m.a.RequestMappingHandlerMapping : Mapped "{[/error],produces=[text/html]}" onto public org.springframework.web.servlet.ModelAndView org.springframework.boot.autoconfigure.web.servlet.error.BasicErrorController.errorHtml(javax.servlet.http.HttpServletRequest,javax.servlet.http.HttpServletResponse)
2018-09-11 17:28:20.849  INFO home-PC --- [           main] o.s.w.s.h.SimpleUrlHandlerMapping        : Mapped URL path [/webjars/**] onto handler of type [class org.springframework.web.servlet.resource.ResourceHttpRequestHandler]
2018-09-11 17:28:20.849  INFO home-PC --- [           main] o.s.w.s.h.SimpleUrlHandlerMapping        : Mapped URL path [/**] onto handler of type [class org.springframework.web.servlet.resource.ResourceHttpRequestHandler]
2018-09-11 17:28:21.193  INFO home-PC --- [           main] o.s.j.e.a.AnnotationMBeanExporter        : Registering beans for JMX exposure on startup
2018-09-11 17:28:21.196  INFO home-PC --- [           main] o.s.j.e.a.AnnotationMBeanExporter        : Bean with name 'dataSource' has been autodetected for JMX exposure
2018-09-11 17:28:21.202  INFO home-PC --- [           main] o.s.j.e.a.AnnotationMBeanExporter        : Located MBean 'dataSource': registering with JMX server as MBean [com.zaxxer.hikari:name=dataSource,type=HikariDataSource]
2018-09-11 17:28:21.217  INFO home-PC --- [           main] o.a.c.h.Http11NioProtocol                : Starting ProtocolHandler ["http-nio-8080"]
2018-09-11 17:28:21.229  INFO home-PC --- [           main] o.a.t.u.n.NioSelectorPool                : Using a shared selector for servlet write/read
2018-09-11 17:28:21.247  INFO home-PC --- [           main] o.s.b.w.e.t.TomcatWebServer              : Tomcat started on port(s): 8080 (http) with context path ''
2018-09-11 17:28:21.252  INFO home-PC --- [           main] c.d.c.App                                : Started App in 3.248 seconds (JVM running for 4.696)
2018-09-11 17:40:51.524  INFO home-PC --- [nio-8080-exec-2] o.a.c.c.C.[.[.[/]                        : Initializing Spring FrameworkServlet 'dispatcherServlet'
2018-09-11 17:40:51.524  INFO home-PC --- [nio-8080-exec-2] o.s.w.s.DispatcherServlet                : FrameworkServlet 'dispatcherServlet': initialization started
2018-09-11 17:40:51.549  INFO home-PC --- [nio-8080-exec-2] o.s.w.s.DispatcherServlet                : FrameworkServlet 'dispatcherServlet': initialization completed in 25 ms
2018-09-11 17:40:51.653  INFO home-PC --- [nio-8080-exec-2] c.z.h.HikariDataSource                   : HikariPool-1 - Starting...
2018-09-11 17:40:52.904  INFO home-PC --- [nio-8080-exec-2] c.z.h.HikariDataSource                   : HikariPool-1 - Start completed.
2018-09-11 19:26:07.909  INFO home-PC --- [on(2)-127.0.0.1] inMXBeanRegistrar$SpringApplicationAdmin : Application shutdown requested.
2018-09-11 19:26:07.909  INFO home-PC --- [on(2)-127.0.0.1] ConfigServletWebServerApplicationContext : Closing org.springframework.boot.web.servlet.context.AnnotationConfigServletWebServerApplicationContext@7d3430a7: startup date [Tue Sep 11 17:28:18 IST 2018]; root of context hierarchy
2018-09-11 19:26:07.913  INFO home-PC --- [on(2)-127.0.0.1] o.s.j.e.a.AnnotationMBeanExporter        : Unregistering JMX-exposed beans on shutdown
2018-09-11 19:26:07.915  INFO home-PC --- [on(2)-127.0.0.1] o.s.j.e.a.AnnotationMBeanExporter        : Unregistering JMX-exposed beans
2018-09-11 19:26:07.916  INFO home-PC --- [on(2)-127.0.0.1] c.z.h.HikariDataSource                   : HikariPool-1 - Shutdown initiated...
2018-09-11 19:26:07.934  INFO home-PC --- [on(2)-127.0.0.1] c.z.h.HikariDataSource                   : HikariPool-1 - Shutdown completed.
2018-09-11 19:31:32.769  INFO home-PC --- [kground-preinit] o.h.v.i.u.Version                        : HV000001: Hibernate Validator 6.0.10.Final
2018-09-11 19:31:32.925  INFO home-PC --- [           main] c.d.c.App                                : Starting App on home-PC with PID 3380 (C:\Users\shashi\Desktop\UserApp\UserApp\target\classes started by shashi in C:\Users\shashi\Desktop\UserApp\UserApp)
2018-09-11 19:31:32.928  INFO home-PC --- [           main] c.d.c.App                                : No active profile set, falling back to default profiles: default
2018-09-11 19:31:32.987  INFO home-PC --- [           main] ConfigServletWebServerApplicationContext : Refreshing org.springframework.boot.web.servlet.context.AnnotationConfigServletWebServerApplicationContext@305f7627: startup date [Tue Sep 11 19:31:32 IST 2018]; root of context hierarchy
2018-09-11 19:31:34.424  INFO home-PC --- [           main] o.s.b.w.e.t.TomcatWebServer              : Tomcat initialized with port(s): 8080 (http)
2018-09-11 19:31:34.467  INFO home-PC --- [           main] o.a.c.h.Http11NioProtocol                : Initializing ProtocolHandler ["http-nio-8080"]
2018-09-11 19:31:34.483  INFO home-PC --- [           main] o.a.c.c.StandardService                  : Starting service [Tomcat]
2018-09-11 19:31:34.484  INFO home-PC --- [           main] o.a.c.c.StandardEngine                   : Starting Servlet Engine: Apache Tomcat/8.5.31
2018-09-11 19:31:34.491  INFO home-PC --- [ost-startStop-1] o.a.c.c.AprLifecycleListener             : The APR based Apache Tomcat Native library which allows optimal performance in production environments was not found on the java.library.path: [C:\Program Files\Java\jdk-10\bin;C:\Windows\Sun\Java\bin;C:\Windows\system32;C:\Windows;C:\ProgramData\Oracle\Java\javapath;C:\Windows\system32;C:\Windows;C:\Windows\System32\Wbem;C:\Windows\System32\WindowsPowerShell\v1.0\;C:\Program Files\Git\cmd;C:\Program Files\Java\jdk-10\bin;C:\Program Files\Java\jdk-10\bin;C:\Program Files\Java\jdk-10\bin;.]
2018-09-11 19:31:34.592  INFO home-PC --- [ost-startStop-1] o.a.c.c.C.[.[.[/]                        : Initializing Spring embedded WebApplicationContext
2018-09-11 19:31:34.593  INFO home-PC --- [ost-startStop-1] o.s.w.c.ContextLoader                    : Root WebApplicationContext: initialization completed in 1612 ms
2018-09-11 19:31:34.794  INFO home-PC --- [ost-startStop-1] o.s.b.w.s.ServletRegistrationBean        : Servlet dispatcherServlet mapped to [/]
2018-09-11 19:31:34.800  INFO home-PC --- [ost-startStop-1] o.s.b.w.s.FilterRegistrationBean         : Mapping filter: 'characterEncodingFilter' to: [/*]
2018-09-11 19:31:34.801  INFO home-PC --- [ost-startStop-1] o.s.b.w.s.FilterRegistrationBean         : Mapping filter: 'hiddenHttpMethodFilter' to: [/*]
2018-09-11 19:31:34.802  INFO home-PC --- [ost-startStop-1] o.s.b.w.s.FilterRegistrationBean         : Mapping filter: 'httpPutFormContentFilter' to: [/*]
2018-09-11 19:31:34.802  INFO home-PC --- [ost-startStop-1] o.s.b.w.s.FilterRegistrationBean         : Mapping filter: 'requestContextFilter' to: [/*]
2018-09-11 19:31:35.136  INFO home-PC --- [           main] o.s.w.s.h.SimpleUrlHandlerMapping        : Mapped URL path [/**/favicon.ico] onto handler of type [class org.springframework.web.servlet.resource.ResourceHttpRequestHandler]
2018-09-11 19:31:35.354  INFO home-PC --- [           main] s.w.s.m.m.a.RequestMappingHandlerAdapter : Looking for @ControllerAdvice: org.springframework.boot.web.servlet.context.AnnotationConfigServletWebServerApplicationContext@305f7627: startup date [Tue Sep 11 19:31:32 IST 2018]; root of context hierarchy
2018-09-11 19:31:35.420  INFO home-PC --- [           main] s.w.s.m.m.a.RequestMappingHandlerMapping : Mapped "{[/UserApp/filter]}" onto public org.json.simple.JSONObject com.dm_02_tbdapp.controller.UserAppController.filter(int,int,java.lang.String)
2018-09-11 19:31:35.422  INFO home-PC --- [           main] s.w.s.m.m.a.RequestMappingHandlerMapping : Mapped "{[/UserApp/Test],methods=[POST]}" onto public java.lang.String com.dm_02_tbdapp.controller.UserAppController.test(org.json.simple.JSONObject)
2018-09-11 19:31:35.422  INFO home-PC --- [           main] s.w.s.m.m.a.RequestMappingHandlerMapping : Mapped "{[/UserApp/catalog],methods=[GET]}" onto public org.json.simple.JSONObject com.dm_02_tbdapp.controller.UserAppController.catalog()
2018-09-11 19:31:35.422  INFO home-PC --- [           main] s.w.s.m.m.a.RequestMappingHandlerMapping : Mapped "{[/UserApp/product],methods=[GET]}" onto public org.json.simple.JSONObject com.dm_02_tbdapp.controller.UserAppController.product()
2018-09-11 19:31:35.423  INFO home-PC --- [           main] s.w.s.m.m.a.RequestMappingHandlerMapping : Mapped "{[/UserApp/insertImage],methods=[GET]}" onto public java.lang.String com.dm_02_tbdapp.controller.UserAppController.image(java.lang.String)
2018-09-11 19:31:35.423  INFO home-PC --- [           main] s.w.s.m.m.a.RequestMappingHandlerMapping : Mapped "{[/UserApp/user],methods=[GET],produces=[application/json || application/xml]}" onto public com.dm_02_tbdapp.bean.UserProfile com.dm_02_tbdapp.controller.UserAppController.setUserProfile(java.lang.String)
2018-09-11 19:31:35.424  INFO home-PC --- [           main] s.w.s.m.m.a.RequestMappingHandlerMapping : Mapped "{[/UserApp/login],methods=[POST]}" onto public org.json.simple.JSONObject com.dm_02_tbdapp.controller.UserAppController.loginUser(org.json.simple.JSONObject)
2018-09-11 19:31:35.424  INFO home-PC --- [           main] s.w.s.m.m.a.RequestMappingHandlerMapping : Mapped "{[/UserApp/RegisterUser],methods=[POST]}" onto public org.json.simple.JSONObject com.dm_02_tbdapp.controller.UserAppController.newUser(org.json.simple.JSONObject)
2018-09-11 19:31:35.424  INFO home-PC --- [           main] s.w.s.m.m.a.RequestMappingHandlerMapping : Mapped "{[/UserApp/logout],methods=[GET]}" onto public org.json.simple.JSONObject com.dm_02_tbdapp.controller.UserAppController.logoutUser()
2018-09-11 19:31:35.425  INFO home-PC --- [           main] s.w.s.m.m.a.RequestMappingHandlerMapping : Mapped "{[/UserApp/registerUser],methods=[GET]}" onto public org.json.simple.JSONObject com.dm_02_tbdapp.controller.UserAppController.registerUser(com.dm_02_tbdapp.bean.User)
2018-09-11 19:31:35.425  INFO home-PC --- [           main] s.w.s.m.m.a.RequestMappingHandlerMapping : Mapped "{[/UserApp/updateUser],methods=[GET]}" onto public org.json.simple.JSONObject com.dm_02_tbdapp.controller.UserAppController.updateUser(com.dm_02_tbdapp.bean.User)
2018-09-11 19:31:35.425  INFO home-PC --- [           main] s.w.s.m.m.a.RequestMappingHandlerMapping : Mapped "{[/UserApp/updateUserAddress],methods=[GET]}" onto public org.json.simple.JSONObject com.dm_02_tbdapp.controller.UserAppController.updateAddress(com.dm_02_tbdapp.bean.User)
2018-09-11 19:31:35.426  INFO home-PC --- [           main] s.w.s.m.m.a.RequestMappingHandlerMapping : Mapped "{[/UserApp/addAddress],methods=[GET]}" onto public org.json.simple.JSONObject com.dm_02_tbdapp.controller.UserAppController.addAddress(com.dm_02_tbdapp.bean.User)
2018-09-11 19:31:35.426  INFO home-PC --- [           main] s.w.s.m.m.a.RequestMappingHandlerMapping : Mapped "{[/UserApp/removeAddress],methods=[GET]}" onto public org.json.simple.JSONObject com.dm_02_tbdapp.controller.UserAppController.removeAddress(com.dm_02_tbdapp.bean.User)
2018-09-11 19:31:35.427  INFO home-PC --- [           main] s.w.s.m.m.a.RequestMappingHandlerMapping : Mapped "{[/UserApp/insertIntoProduct_Table],methods=[POST]}" onto public org.json.simple.JSONObject com.dm_02_tbdapp.controller.UserAppController.insertIntoProduct_Table(org.json.simple.JSONObject)
2018-09-11 19:31:35.427  INFO home-PC --- [           main] s.w.s.m.m.a.RequestMappingHandlerMapping : Mapped "{[/UserApp/showImage],methods=[GET],produces=[image/jpeg]}" onto public byte[] com.dm_02_tbdapp.controller.UserAppController.displayImg(int) throws java.io.IOException
2018-09-11 19:31:35.428  INFO home-PC --- [           main] s.w.s.m.m.a.RequestMappingHandlerMapping : Mapped "{[/UserApp/showImageNew]}" onto public void com.dm_02_tbdapp.controller.UserAppController.photo(javax.servlet.http.HttpServletResponse,int) throws java.io.IOException
2018-09-11 19:31:35.432  INFO home-PC --- [           main] s.w.s.m.m.a.RequestMappingHandlerMapping : Mapped "{[/error]}" onto public org.springframework.http.ResponseEntity<java.util.Map<java.lang.String, java.lang.Object>> org.springframework.boot.autoconfigure.web.servlet.error.BasicErrorController.error(javax.servlet.http.HttpServletRequest)
2018-09-11 19:31:35.433  INFO home-PC --- [           main] s.w.s.m.m.a.RequestMappingHandlerMapping : Mapped "{[/error],produces=[text/html]}" onto public org.springframework.web.servlet.ModelAndView org.springframework.boot.autoconfigure.web.servlet.error.BasicErrorController.errorHtml(javax.servlet.http.HttpServletRequest,javax.servlet.http.HttpServletResponse)
2018-09-11 19:31:35.464  INFO home-PC --- [           main] o.s.w.s.h.SimpleUrlHandlerMapping        : Mapped URL path [/webjars/**] onto handler of type [class org.springframework.web.servlet.resource.ResourceHttpRequestHandler]
2018-09-11 19:31:35.464  INFO home-PC --- [           main] o.s.w.s.h.SimpleUrlHandlerMapping        : Mapped URL path [/**] onto handler of type [class org.springframework.web.servlet.resource.ResourceHttpRequestHandler]
2018-09-11 19:31:35.750  INFO home-PC --- [           main] o.s.j.e.a.AnnotationMBeanExporter        : Registering beans for JMX exposure on startup
2018-09-11 19:31:35.753  INFO home-PC --- [           main] o.s.j.e.a.AnnotationMBeanExporter        : Bean with name 'dataSource' has been autodetected for JMX exposure
2018-09-11 19:31:35.760  INFO home-PC --- [           main] o.s.j.e.a.AnnotationMBeanExporter        : Located MBean 'dataSource': registering with JMX server as MBean [com.zaxxer.hikari:name=dataSource,type=HikariDataSource]
2018-09-11 19:31:35.776  INFO home-PC --- [           main] o.a.c.h.Http11NioProtocol                : Starting ProtocolHandler ["http-nio-8080"]
2018-09-11 19:31:35.792  INFO home-PC --- [           main] o.a.t.u.n.NioSelectorPool                : Using a shared selector for servlet write/read
2018-09-11 19:31:35.813  INFO home-PC --- [           main] o.s.b.w.e.t.TomcatWebServer              : Tomcat started on port(s): 8080 (http) with context path ''
2018-09-11 19:31:35.819  INFO home-PC --- [           main] c.d.c.App                                : Started App in 3.3 seconds (JVM running for 4.786)
2018-09-11 20:12:27.294  INFO home-PC --- [nio-8080-exec-3] o.a.c.c.C.[.[.[/]                        : Initializing Spring FrameworkServlet 'dispatcherServlet'
2018-09-11 20:12:27.295  INFO home-PC --- [nio-8080-exec-3] o.s.w.s.DispatcherServlet                : FrameworkServlet 'dispatcherServlet': initialization started
2018-09-11 20:12:27.316  INFO home-PC --- [nio-8080-exec-3] o.s.w.s.DispatcherServlet                : FrameworkServlet 'dispatcherServlet': initialization completed in 21 ms
2018-09-11 20:12:27.349  INFO home-PC --- [nio-8080-exec-3] c.z.h.HikariDataSource                   : HikariPool-1 - Starting...
2018-09-11 20:12:27.798  INFO home-PC --- [nio-8080-exec-3] c.z.h.HikariDataSource                   : HikariPool-1 - Start completed.
2018-09-11 20:13:41.273  INFO home-PC --- [nio-8080-exec-8] c.d.d.ImageDAO                           : entered into showImage() of class ImageDAO.
2018-09-11 20:13:42.062  INFO home-PC --- [nio-8080-exec-8] c.d.c.UserAppController                  : getClass() mehtod : jeans.jpeg
2018-09-11 20:13:42.062  INFO home-PC --- [nio-8080-exec-8] c.d.c.UserAppController                  : InputStream object is : java.io.FileInputStream@12bcac2f
2018-09-11 20:26:43.331  INFO home-PC --- [on(2)-127.0.0.1] inMXBeanRegistrar$SpringApplicationAdmin : Application shutdown requested.
2018-09-11 20:26:43.331  INFO home-PC --- [on(2)-127.0.0.1] ConfigServletWebServerApplicationContext : Closing org.springframework.boot.web.servlet.context.AnnotationConfigServletWebServerApplicationContext@305f7627: startup date [Tue Sep 11 19:31:32 IST 2018]; root of context hierarchy
2018-09-11 20:26:43.335  INFO home-PC --- [on(2)-127.0.0.1] o.s.j.e.a.AnnotationMBeanExporter        : Unregistering JMX-exposed beans on shutdown
2018-09-11 20:26:43.336  INFO home-PC --- [on(2)-127.0.0.1] o.s.j.e.a.AnnotationMBeanExporter        : Unregistering JMX-exposed beans
2018-09-11 20:26:43.337  INFO home-PC --- [on(2)-127.0.0.1] c.z.h.HikariDataSource                   : HikariPool-1 - Shutdown initiated...
2018-09-11 20:26:43.358  INFO home-PC --- [on(2)-127.0.0.1] c.z.h.HikariDataSource                   : HikariPool-1 - Shutdown completed.
